<?xml version="1.0" encoding="UTF-8"?>
<coverage generated="1710276989397" clover="3.2.0">
  <project timestamp="1710276989397" name="All files">
    <metrics statements="246" coveredstatements="108" conditionals="68" coveredconditionals="19" methods="96" coveredmethods="28" elements="410" coveredelements="155" complexity="0" loc="246" ncloc="246" packages="5" files="15" classes="15"/>
    <package name="overview">
      <metrics statements="13" coveredstatements="8" conditionals="10" coveredconditionals="5" methods="6" coveredmethods="3"/>
      <file name="HeroModal.jsx" path="/home/james/SeniorPhaseHR/Project-Atelier/src/components/overview/HeroModal.jsx">
        <metrics statements="7" coveredstatements="5" conditionals="6" coveredconditionals="2" methods="2" coveredmethods="1"/>
        <line num="6" count="1" type="stmt"/>
        <line num="8" count="1" type="stmt"/>
        <line num="9" count="0" type="stmt"/>
        <line num="12" count="1" type="cond" truecount="1" falsecount="1"/>
        <line num="13" count="0" type="stmt"/>
        <line num="15" count="1" type="stmt"/>
        <line num="18" count="1" type="stmt"/>
      </file>
      <file name="ImageGallery.jsx" path="/home/james/SeniorPhaseHR/Project-Atelier/src/components/overview/ImageGallery.jsx">
        <metrics statements="6" coveredstatements="3" conditionals="4" coveredconditionals="3" methods="4" coveredmethods="2"/>
        <line num="6" count="1" type="stmt"/>
        <line num="7" count="0" type="stmt"/>
        <line num="8" count="0" type="stmt"/>
        <line num="11" count="1" type="stmt"/>
        <line num="17" count="2" type="stmt"/>
        <line num="21" count="0" type="stmt"/>
      </file>
    </package>
    <package name="question-answers">
      <metrics statements="181" coveredstatements="78" conditionals="46" coveredconditionals="10" methods="71" coveredmethods="18"/>
      <file name="AddAnswer.jsx" path="/home/james/SeniorPhaseHR/Project-Atelier/src/components/question-answers/AddAnswer.jsx">
        <metrics statements="53" coveredstatements="14" conditionals="10" coveredconditionals="0" methods="16" coveredmethods="1"/>
        <line num="7" count="2" type="stmt"/>
        <line num="9" count="2" type="stmt"/>
        <line num="10" count="2" type="stmt"/>
        <line num="11" count="2" type="stmt"/>
        <line num="12" count="2" type="stmt"/>
        <line num="13" count="2" type="stmt"/>
        <line num="14" count="2" type="stmt"/>
        <line num="28" count="2" type="stmt"/>
        <line num="29" count="0" type="stmt"/>
        <line num="32" count="2" type="stmt"/>
        <line num="33" count="0" type="stmt"/>
        <line num="37" count="2" type="stmt"/>
        <line num="38" count="0" type="stmt"/>
        <line num="39" count="0" type="stmt"/>
        <line num="42" count="2" type="stmt"/>
        <line num="43" count="0" type="stmt"/>
        <line num="44" count="0" type="stmt"/>
        <line num="47" count="0" type="cond" truecount="0" falsecount="4"/>
        <line num="48" count="0" type="stmt"/>
        <line num="49" count="0" type="stmt"/>
        <line num="50" count="0" type="stmt"/>
        <line num="51" count="0" type="stmt"/>
        <line num="55" count="2" type="stmt"/>
        <line num="56" count="0" type="stmt"/>
        <line num="57" count="0" type="stmt"/>
        <line num="58" count="0" type="stmt"/>
        <line num="59" count="0" type="stmt"/>
        <line num="62" count="2" type="stmt"/>
        <line num="63" count="0" type="stmt"/>
        <line num="65" count="0" type="cond" truecount="0" falsecount="2"/>
        <line num="66" count="0" type="stmt"/>
        <line num="67" count="0" type="cond" truecount="0" falsecount="2"/>
        <line num="68" count="0" type="stmt"/>
        <line num="69" count="0" type="cond" truecount="0" falsecount="2"/>
        <line num="70" count="0" type="stmt"/>
        <line num="72" count="0" type="stmt"/>
        <line num="73" count="0" type="stmt"/>
        <line num="74" count="0" type="stmt"/>
        <line num="75" count="0" type="stmt"/>
        <line num="76" count="0" type="stmt"/>
        <line num="80" count="0" type="stmt"/>
        <line num="81" count="0" type="stmt"/>
        <line num="82" count="0" type="stmt"/>
        <line num="83" count="0" type="stmt"/>
        <line num="84" count="0" type="stmt"/>
        <line num="87" count="0" type="stmt"/>
        <line num="92" count="2" type="stmt"/>
        <line num="96" count="0" type="stmt"/>
        <line num="104" count="0" type="stmt"/>
        <line num="116" count="0" type="stmt"/>
        <line num="131" count="0" type="stmt"/>
        <line num="153" count="0" type="stmt"/>
        <line num="155" count="0" type="stmt"/>
      </file>
      <file name="AddAnswerModal.jsx" path="/home/james/SeniorPhaseHR/Project-Atelier/src/components/question-answers/AddAnswerModal.jsx">
        <metrics statements="3" coveredstatements="3" conditionals="2" coveredconditionals="1" methods="1" coveredmethods="1"/>
        <line num="8" count="2" type="stmt"/>
        <line num="12" count="2" type="stmt"/>
        <line num="26" count="2" type="cond" truecount="1" falsecount="1"/>
      </file>
      <file name="AddQuestion.jsx" path="/home/james/SeniorPhaseHR/Project-Atelier/src/components/question-answers/AddQuestion.jsx">
        <metrics statements="37" coveredstatements="13" conditionals="8" coveredconditionals="1" methods="14" coveredmethods="2"/>
        <line num="7" count="3" type="stmt"/>
        <line num="8" count="3" type="stmt"/>
        <line num="9" count="3" type="stmt"/>
        <line num="10" count="3" type="stmt"/>
        <line num="11" count="3" type="stmt"/>
        <line num="12" count="3" type="stmt"/>
        <line num="15" count="3" type="stmt"/>
        <line num="16" count="2" type="stmt"/>
        <line num="19" count="0" type="stmt"/>
        <line num="22" count="0" type="stmt"/>
        <line num="26" count="3" type="stmt"/>
        <line num="27" count="0" type="stmt"/>
        <line num="28" count="0" type="stmt"/>
        <line num="31" count="3" type="stmt"/>
        <line num="32" count="0" type="stmt"/>
        <line num="33" count="0" type="stmt"/>
        <line num="36" count="3" type="stmt"/>
        <line num="37" count="0" type="stmt"/>
        <line num="39" count="0" type="cond" truecount="0" falsecount="2"/>
        <line num="40" count="0" type="stmt"/>
        <line num="41" count="0" type="cond" truecount="0" falsecount="2"/>
        <line num="42" count="0" type="stmt"/>
        <line num="43" count="0" type="cond" truecount="0" falsecount="2"/>
        <line num="44" count="0" type="stmt"/>
        <line num="46" count="0" type="stmt"/>
        <line num="47" count="0" type="stmt"/>
        <line num="51" count="0" type="stmt"/>
        <line num="52" count="0" type="stmt"/>
        <line num="55" count="0" type="stmt"/>
        <line num="61" count="3" type="stmt"/>
        <line num="62" count="0" type="stmt"/>
        <line num="63" count="0" type="stmt"/>
        <line num="66" count="3" type="stmt"/>
        <line num="70" count="0" type="stmt"/>
        <line num="78" count="0" type="stmt"/>
        <line num="90" count="0" type="stmt"/>
        <line num="105" count="0" type="stmt"/>
      </file>
      <file name="AddQuestionModal.jsx" path="/home/james/SeniorPhaseHR/Project-Atelier/src/components/question-answers/AddQuestionModal.jsx">
        <metrics statements="3" coveredstatements="3" conditionals="2" coveredconditionals="1" methods="1" coveredmethods="1"/>
        <line num="8" count="3" type="stmt"/>
        <line num="11" count="3" type="stmt"/>
        <line num="23" count="3" type="cond" truecount="1" falsecount="1"/>
      </file>
      <file name="Answer.jsx" path="/home/james/SeniorPhaseHR/Project-Atelier/src/components/question-answers/Answer.jsx">
        <metrics statements="28" coveredstatements="14" conditionals="10" coveredconditionals="4" methods="10" coveredmethods="3"/>
        <line num="9" count="1" type="stmt"/>
        <line num="10" count="1" type="stmt"/>
        <line num="11" count="1" type="stmt"/>
        <line num="13" count="1" type="stmt"/>
        <line num="14" count="1" type="stmt"/>
        <line num="15" count="1" type="cond" truecount="1" falsecount="1"/>
        <line num="16" count="0" type="stmt"/>
        <line num="20" count="1" type="stmt"/>
        <line num="21" count="1" type="stmt"/>
        <line num="22" count="1" type="cond" truecount="1" falsecount="1"/>
        <line num="23" count="0" type="stmt"/>
        <line num="27" count="1" type="stmt"/>
        <line num="28" count="0" type="stmt"/>
        <line num="29" count="0" type="stmt"/>
        <line num="32" count="1" type="stmt"/>
        <line num="33" count="0" type="cond" truecount="0" falsecount="2"/>
        <line num="34" count="0" type="stmt"/>
        <line num="36" count="0" type="stmt"/>
        <line num="39" count="0" type="stmt"/>
        <line num="42" count="0" type="stmt"/>
        <line num="46" count="1" type="stmt"/>
        <line num="47" count="0" type="stmt"/>
        <line num="48" count="0" type="stmt"/>
        <line num="51" count="1" type="stmt"/>
        <line num="52" count="0" type="stmt"/>
        <line num="54" count="0" type="stmt"/>
        <line num="56" count="0" type="stmt"/>
        <line num="59" count="1" type="stmt"/>
      </file>
      <file name="AnswerList.jsx" path="/home/james/SeniorPhaseHR/Project-Atelier/src/components/question-answers/AnswerList.jsx">
        <metrics statements="13" coveredstatements="9" conditionals="2" coveredconditionals="1" methods="8" coveredmethods="3"/>
        <line num="7" count="4" type="stmt"/>
        <line num="8" count="4" type="stmt"/>
        <line num="9" count="4" type="stmt"/>
        <line num="11" count="4" type="stmt"/>
        <line num="12" count="0" type="stmt"/>
        <line num="15" count="4" type="stmt"/>
        <line num="16" count="2" type="stmt"/>
        <line num="18" count="0" type="stmt"/>
        <line num="22" count="0" type="stmt"/>
        <line num="26" count="4" type="stmt"/>
        <line num="27" count="2" type="stmt"/>
        <line num="30" count="4" type="stmt"/>
        <line num="33" count="0" type="stmt"/>
      </file>
      <file name="MoreAnsweredQuestions.jsx" path="/home/james/SeniorPhaseHR/Project-Atelier/src/components/question-answers/MoreAnsweredQuestions.jsx">
        <metrics statements="1" coveredstatements="1" conditionals="0" coveredconditionals="0" methods="1" coveredmethods="1"/>
        <line num="5" count="1" type="stmt"/>
      </file>
      <file name="Question.jsx" path="/home/james/SeniorPhaseHR/Project-Atelier/src/components/question-answers/Question.jsx">
        <metrics statements="16" coveredstatements="8" conditionals="4" coveredconditionals="1" methods="6" coveredmethods="2"/>
        <line num="8" count="1" type="stmt"/>
        <line num="9" count="1" type="stmt"/>
        <line num="11" count="1" type="stmt"/>
        <line num="12" count="1" type="stmt"/>
        <line num="13" count="1" type="cond" truecount="1" falsecount="1"/>
        <line num="14" count="0" type="stmt"/>
        <line num="18" count="1" type="stmt"/>
        <line num="19" count="0" type="stmt"/>
        <line num="20" count="0" type="stmt"/>
        <line num="23" count="1" type="stmt"/>
        <line num="24" count="0" type="cond" truecount="0" falsecount="2"/>
        <line num="25" count="0" type="stmt"/>
        <line num="27" count="0" type="stmt"/>
        <line num="30" count="0" type="stmt"/>
        <line num="33" count="0" type="stmt"/>
        <line num="37" count="1" type="stmt"/>
      </file>
      <file name="QuestionAnswers.jsx" path="/home/james/SeniorPhaseHR/Project-Atelier/src/components/question-answers/QuestionAnswers.jsx">
        <metrics statements="23" coveredstatements="11" conditionals="8" coveredconditionals="1" methods="11" coveredmethods="3"/>
        <line num="10" count="2" type="stmt"/>
        <line num="11" count="2" type="stmt"/>
        <line num="12" count="2" type="stmt"/>
        <line num="13" count="2" type="stmt"/>
        <line num="15" count="2" type="stmt"/>
        <line num="16" count="1" type="stmt"/>
        <line num="18" count="0" type="stmt"/>
        <line num="19" count="0" type="stmt"/>
        <line num="22" count="0" type="stmt"/>
        <line num="26" count="2" type="stmt"/>
        <line num="27" count="1" type="stmt"/>
        <line num="30" count="2" type="stmt"/>
        <line num="31" count="0" type="stmt"/>
        <line num="34" count="0" type="cond" truecount="0" falsecount="2"/>
        <line num="35" count="0" type="stmt"/>
        <line num="36" count="0" type="stmt"/>
        <line num="38" count="0" type="stmt"/>
        <line num="42" count="2" type="stmt"/>
        <line num="43" count="0" type="stmt"/>
        <line num="44" count="0" type="stmt"/>
        <line num="47" count="2" type="stmt"/>
        <line num="56" count="0" type="stmt"/>
        <line num="59" count="0" type="stmt"/>
      </file>
      <file name="SearchQuestion.jsx" path="/home/james/SeniorPhaseHR/Project-Atelier/src/components/question-answers/SearchQuestion.jsx">
        <metrics statements="4" coveredstatements="2" conditionals="0" coveredconditionals="0" methods="3" coveredmethods="1"/>
        <line num="5" count="4" type="stmt"/>
        <line num="7" count="4" type="stmt"/>
        <line num="9" count="0" type="stmt"/>
        <line num="11" count="0" type="stmt"/>
      </file>
    </package>
    <package name="rating-reviews.controllers">
      <metrics statements="37" coveredstatements="16" conditionals="6" coveredconditionals="2" methods="10" coveredmethods="6"/>
      <file name="getRatings.jsx" path="/home/james/SeniorPhaseHR/Project-Atelier/src/components/rating-reviews/controllers/getRatings.jsx">
        <metrics statements="37" coveredstatements="16" conditionals="6" coveredconditionals="2" methods="10" coveredmethods="6"/>
        <line num="6" count="1" type="stmt"/>
        <line num="7" count="1" type="stmt"/>
        <line num="8" count="1" type="stmt"/>
        <line num="9" count="1" type="stmt"/>
        <line num="10" count="2" type="stmt"/>
        <line num="11" count="2" type="stmt"/>
        <line num="18" count="1" type="stmt"/>
        <line num="19" count="1" type="stmt"/>
        <line num="20" count="1" type="stmt"/>
        <line num="21" count="2" type="stmt"/>
        <line num="22" count="2" type="stmt"/>
        <line num="29" count="1" type="stmt"/>
        <line num="31" count="1" type="cond" truecount="1" falsecount="1"/>
        <line num="32" count="0" type="stmt"/>
        <line num="35" count="1" type="stmt"/>
        <line num="36" count="1" type="stmt"/>
        <line num="54" count="1" type="stmt"/>
        <line num="67" count="0" type="stmt"/>
        <line num="69" count="0" type="stmt"/>
        <line num="71" count="0" type="stmt"/>
        <line num="72" count="0" type="stmt"/>
        <line num="73" count="0" type="stmt"/>
        <line num="74" count="0" type="stmt"/>
        <line num="75" count="0" type="stmt"/>
        <line num="77" count="0" type="stmt"/>
        <line num="79" count="0" type="stmt"/>
        <line num="80" count="0" type="stmt"/>
        <line num="81" count="0" type="stmt"/>
        <line num="82" count="0" type="stmt"/>
        <line num="83" count="0" type="stmt"/>
        <line num="84" count="0" type="stmt"/>
        <line num="86" count="0" type="stmt"/>
        <line num="87" count="0" type="stmt"/>
        <line num="88" count="0" type="stmt"/>
        <line num="89" count="0" type="stmt"/>
        <line num="94" count="0" type="stmt"/>
        <line num="95" count="0" type="stmt"/>
      </file>
    </package>
    <package name="rating-reviews.models">
      <metrics statements="9" coveredstatements="5" conditionals="0" coveredconditionals="0" methods="5" coveredmethods="0"/>
      <file name="reviewsModels.js" path="/home/james/SeniorPhaseHR/Project-Atelier/src/components/rating-reviews/models/reviewsModels.js">
        <metrics statements="9" coveredstatements="5" conditionals="0" coveredconditionals="0" methods="5" coveredmethods="0"/>
        <line num="3" count="1" type="stmt"/>
        <line num="5" count="1" type="stmt"/>
        <line num="6" count="0" type="stmt"/>
        <line num="9" count="1" type="stmt"/>
        <line num="10" count="0" type="stmt"/>
        <line num="13" count="1" type="stmt"/>
        <line num="14" count="0" type="stmt"/>
        <line num="17" count="1" type="stmt"/>
        <line num="18" count="0" type="stmt"/>
      </file>
    </package>
    <package name="related-products">
      <metrics statements="6" coveredstatements="1" conditionals="6" coveredconditionals="2" methods="4" coveredmethods="1"/>
      <file name="RelatedCard.jsx" path="/home/james/SeniorPhaseHR/Project-Atelier/src/components/related-products/RelatedCard.jsx">
        <metrics statements="6" coveredstatements="1" conditionals="6" coveredconditionals="2" methods="4" coveredmethods="1"/>
        <line num="10" count="1" type="stmt"/>
        <line num="18" count="0" type="cond" truecount="0" falsecount="2"/>
        <line num="19" count="0" type="stmt"/>
        <line num="22" count="0" type="stmt"/>
        <line num="36" count="0" type="stmt"/>
        <line num="37" count="0" type="stmt"/>
      </file>
    </package>
  </project>
</coverage>
