{"/Users/greg/Desktop/2401/Project-Atelier/src/components/overview/HeroModal.jsx": {"path":"/Users/greg/Desktop/2401/Project-Atelier/src/components/overview/HeroModal.jsx","statementMap":{"0":{"start":{"line":6,"column":36},"end":{"line":6,"column":51}},"1":{"start":{"line":8,"column":22},"end":{"line":10,"column":3}},"2":{"start":{"line":9,"column":4},"end":{"line":9,"column":29}},"3":{"start":{"line":12,"column":2},"end":{"line":16,"column":3}},"4":{"start":{"line":13,"column":4},"end":{"line":13,"column":60}},"5":{"start":{"line":15,"column":4},"end":{"line":15,"column":63}},"6":{"start":{"line":18,"column":2},"end":{"line":37,"column":4}}},"fnMap":{"0":{"name":"HeroModal","decl":{"start":{"line":5,"column":9},"end":{"line":5,"column":18}},"loc":{"start":{"line":5,"column":37},"end":{"line":38,"column":1}},"line":5},"1":{"name":"(anonymous_1)","decl":{"start":{"line":8,"column":22},"end":{"line":8,"column":23}},"loc":{"start":{"line":8,"column":28},"end":{"line":10,"column":3}},"line":8}},"branchMap":{"0":{"loc":{"start":{"line":12,"column":2},"end":{"line":16,"column":3}},"type":"if","locations":[{"start":{"line":12,"column":2},"end":{"line":16,"column":3}},{"start":{"line":14,"column":9},"end":{"line":16,"column":3}}],"line":12},"1":{"loc":{"start":{"line":24,"column":7},"end":{"line":35,"column":7}},"type":"binary-expr","locations":[{"start":{"line":24,"column":7},"end":{"line":24,"column":16}},{"start":{"line":25,"column":6},"end":{"line":34,"column":12}}],"line":24},"2":{"loc":{"start":{"line":31,"column":11},"end":{"line":31,"column":125}},"type":"cond-expr","locations":[{"start":{"line":31,"column":26},"end":{"line":31,"column":105}},{"start":{"line":31,"column":108},"end":{"line":31,"column":125}}],"line":31}},"s":{"0":1,"1":1,"2":0,"3":1,"4":0,"5":1,"6":1},"f":{"0":1,"1":0},"b":{"0":[0,1],"1":[1,0],"2":[0,0]},"_coverageSchema":"1a1c01bbd47fc00a2c39e90264f33305004495a9","hash":"fd12ea994df01ec4a015152b1a54cb92afacea50"}
,"/Users/greg/Desktop/2401/Project-Atelier/src/components/overview/ImageGallery.jsx": {"path":"/Users/greg/Desktop/2401/Project-Atelier/src/components/overview/ImageGallery.jsx","statementMap":{"0":{"start":{"line":9,"column":42},"end":{"line":9,"column":53}},"1":{"start":{"line":12,"column":28},"end":{"line":29,"column":3}},"2":{"start":{"line":13,"column":4},"end":{"line":28,"column":7}},"3":{"start":{"line":14,"column":21},"end":{"line":14,"column":73}},"4":{"start":{"line":16,"column":6},"end":{"line":16,"column":72}},"5":{"start":{"line":18,"column":6},"end":{"line":23,"column":7}},"6":{"start":{"line":19,"column":21},"end":{"line":19,"column":42}},"7":{"start":{"line":20,"column":8},"end":{"line":20,"column":51}},"8":{"start":{"line":21,"column":13},"end":{"line":23,"column":7}},"9":{"start":{"line":22,"column":8},"end":{"line":22,"column":21}},"10":{"start":{"line":24,"column":6},"end":{"line":24,"column":54}},"11":{"start":{"line":27,"column":6},"end":{"line":27,"column":22}},"12":{"start":{"line":31,"column":2},"end":{"line":58,"column":4}},"13":{"start":{"line":41,"column":23},"end":{"line":41,"column":48}},"14":{"start":{"line":53,"column":23},"end":{"line":53,"column":49}}},"fnMap":{"0":{"name":"ImageGallery","decl":{"start":{"line":7,"column":9},"end":{"line":7,"column":21}},"loc":{"start":{"line":7,"column":98},"end":{"line":59,"column":1}},"line":7},"1":{"name":"(anonymous_1)","decl":{"start":{"line":12,"column":28},"end":{"line":12,"column":29}},"loc":{"start":{"line":12,"column":43},"end":{"line":29,"column":3}},"line":12},"2":{"name":"(anonymous_2)","decl":{"start":{"line":13,"column":20},"end":{"line":13,"column":21}},"loc":{"start":{"line":13,"column":35},"end":{"line":28,"column":5}},"line":13},"3":{"name":"(anonymous_3)","decl":{"start":{"line":41,"column":17},"end":{"line":41,"column":18}},"loc":{"start":{"line":41,"column":23},"end":{"line":41,"column":48}},"line":41},"4":{"name":"(anonymous_4)","decl":{"start":{"line":53,"column":17},"end":{"line":53,"column":18}},"loc":{"start":{"line":53,"column":23},"end":{"line":53,"column":49}},"line":53}},"branchMap":{"0":{"loc":{"start":{"line":14,"column":21},"end":{"line":14,"column":73}},"type":"cond-expr","locations":[{"start":{"line":14,"column":44},"end":{"line":14,"column":57}},{"start":{"line":14,"column":60},"end":{"line":14,"column":73}}],"line":14},"1":{"loc":{"start":{"line":18,"column":6},"end":{"line":23,"column":7}},"type":"if","locations":[{"start":{"line":18,"column":6},"end":{"line":23,"column":7}},{"start":{"line":21,"column":13},"end":{"line":23,"column":7}}],"line":18},"2":{"loc":{"start":{"line":21,"column":13},"end":{"line":23,"column":7}},"type":"if","locations":[{"start":{"line":21,"column":13},"end":{"line":23,"column":7}},{"start":{},"end":{}}],"line":21},"3":{"loc":{"start":{"line":44,"column":9},"end":{"line":48,"column":9}},"type":"cond-expr","locations":[{"start":{"line":45,"column":10},"end":{"line":45,"column":84}},{"start":{"line":47,"column":10},"end":{"line":47,"column":27}}],"line":44}},"s":{"0":1,"1":1,"2":0,"3":0,"4":0,"5":0,"6":0,"7":0,"8":0,"9":0,"10":0,"11":0,"12":1,"13":0,"14":0},"f":{"0":1,"1":0,"2":0,"3":0,"4":0},"b":{"0":[0,0],"1":[0,0],"2":[0,0],"3":[1,0]},"_coverageSchema":"1a1c01bbd47fc00a2c39e90264f33305004495a9","hash":"df2c62134a6132ad4e1c2cc837babb57b35d1041"}
,"/Users/greg/Desktop/2401/Project-Atelier/src/components/overview/ProdInfo.jsx": {"path":"/Users/greg/Desktop/2401/Project-Atelier/src/components/overview/ProdInfo.jsx","statementMap":{"0":{"start":{"line":7,"column":32},"end":{"line":7,"column":44}},"1":{"start":{"line":8,"column":38},"end":{"line":8,"column":52}},"2":{"start":{"line":10,"column":2},"end":{"line":33,"column":46}},"3":{"start":{"line":11,"column":25},"end":{"line":20,"column":5}},"4":{"start":{"line":12,"column":6},"end":{"line":19,"column":7}},"5":{"start":{"line":13,"column":25},"end":{"line":13,"column":70}},"6":{"start":{"line":14,"column":28},"end":{"line":14,"column":46}},"7":{"start":{"line":15,"column":8},"end":{"line":15,"column":34}},"8":{"start":{"line":16,"column":8},"end":{"line":16,"column":36}},"9":{"start":{"line":18,"column":8},"end":{"line":18,"column":53}},"10":{"start":{"line":22,"column":25},"end":{"line":29,"column":5}},"11":{"start":{"line":23,"column":6},"end":{"line":28,"column":7}},"12":{"start":{"line":24,"column":24},"end":{"line":24,"column":51}},"13":{"start":{"line":25,"column":8},"end":{"line":25,"column":31}},"14":{"start":{"line":27,"column":8},"end":{"line":27,"column":70}},"15":{"start":{"line":31,"column":4},"end":{"line":31,"column":19}},"16":{"start":{"line":32,"column":4},"end":{"line":32,"column":19}},"17":{"start":{"line":35,"column":23},"end":{"line":39,"column":3}},"18":{"start":{"line":36,"column":4},"end":{"line":38,"column":15}},"19":{"start":{"line":41,"column":2},"end":{"line":88,"column":4}}},"fnMap":{"0":{"name":"ProdInfo","decl":{"start":{"line":6,"column":9},"end":{"line":6,"column":17}},"loc":{"start":{"line":6,"column":76},"end":{"line":89,"column":1}},"line":6},"1":{"name":"(anonymous_1)","decl":{"start":{"line":10,"column":12},"end":{"line":10,"column":13}},"loc":{"start":{"line":10,"column":18},"end":{"line":33,"column":3}},"line":10},"2":{"name":"(anonymous_2)","decl":{"start":{"line":11,"column":25},"end":{"line":11,"column":26}},"loc":{"start":{"line":11,"column":37},"end":{"line":20,"column":5}},"line":11},"3":{"name":"(anonymous_3)","decl":{"start":{"line":22,"column":25},"end":{"line":22,"column":26}},"loc":{"start":{"line":22,"column":37},"end":{"line":29,"column":5}},"line":22},"4":{"name":"(anonymous_4)","decl":{"start":{"line":35,"column":23},"end":{"line":35,"column":24}},"loc":{"start":{"line":36,"column":4},"end":{"line":38,"column":15}},"line":36}},"branchMap":{"0":{"loc":{"start":{"line":43,"column":7},"end":{"line":86,"column":7}},"type":"binary-expr","locations":[{"start":{"line":43,"column":7},"end":{"line":43,"column":14}},{"start":{"line":44,"column":8},"end":{"line":85,"column":14}}],"line":43},"1":{"loc":{"start":{"line":47,"column":15},"end":{"line":47,"column":92}},"type":"cond-expr","locations":[{"start":{"line":47,"column":28},"end":{"line":47,"column":64}},{"start":{"line":47,"column":67},"end":{"line":47,"column":92}}],"line":47},"2":{"loc":{"start":{"line":54,"column":13},"end":{"line":70,"column":13}},"type":"cond-expr","locations":[{"start":{"line":55,"column":14},"end":{"line":64,"column":17}},{"start":{"line":66,"column":14},"end":{"line":69,"column":21}}],"line":54},"3":{"loc":{"start":{"line":54,"column":13},"end":{"line":54,"column":58}},"type":"binary-expr","locations":[{"start":{"line":54,"column":13},"end":{"line":54,"column":26}},{"start":{"line":54,"column":30},"end":{"line":54,"column":58}}],"line":54}},"s":{"0":2,"1":2,"2":2,"3":2,"4":2,"5":2,"6":2,"7":2,"8":2,"9":0,"10":2,"11":2,"12":2,"13":2,"14":0,"15":2,"16":2,"17":2,"18":0,"19":2},"f":{"0":2,"1":2,"2":2,"3":2,"4":0},"b":{"0":[2,0],"1":[0,0],"2":[0,0],"3":[0,0]},"_coverageSchema":"1a1c01bbd47fc00a2c39e90264f33305004495a9","hash":"84d72c24177ca21eed2f3b969bc258314b85c8d9"}
,"/Users/greg/Desktop/2401/Project-Atelier/src/components/overview/VerticalCarousel.jsx": {"path":"/Users/greg/Desktop/2401/Project-Atelier/src/components/overview/VerticalCarousel.jsx","statementMap":{"0":{"start":{"line":5,"column":25},"end":{"line":45,"column":1}},"1":{"start":{"line":9,"column":42},"end":{"line":9,"column":53}},"2":{"start":{"line":10,"column":22},"end":{"line":10,"column":23}},"3":{"start":{"line":11,"column":18},"end":{"line":11,"column":75}},"4":{"start":{"line":13,"column":22},"end":{"line":17,"column":3}},"5":{"start":{"line":14,"column":26},"end":{"line":14,"column":46}},"6":{"start":{"line":15,"column":4},"end":{"line":15,"column":41}},"7":{"start":{"line":16,"column":4},"end":{"line":16,"column":57}},"8":{"start":{"line":19,"column":2},"end":{"line":44,"column":4}},"9":{"start":{"line":23,"column":23},"end":{"line":23,"column":46}},"10":{"start":{"line":27,"column":10},"end":{"line":36,"column":19}},"11":{"start":{"line":31,"column":12},"end":{"line":31,"column":31}},"12":{"start":{"line":32,"column":12},"end":{"line":32,"column":35}},"13":{"start":{"line":41,"column":23},"end":{"line":41,"column":48}}},"fnMap":{"0":{"name":"(anonymous_0)","decl":{"start":{"line":5,"column":25},"end":{"line":5,"column":26}},"loc":{"start":{"line":8,"column":6},"end":{"line":45,"column":1}},"line":8},"1":{"name":"(anonymous_1)","decl":{"start":{"line":13,"column":22},"end":{"line":13,"column":23}},"loc":{"start":{"line":13,"column":33},"end":{"line":17,"column":3}},"line":13},"2":{"name":"(anonymous_2)","decl":{"start":{"line":23,"column":17},"end":{"line":23,"column":18}},"loc":{"start":{"line":23,"column":23},"end":{"line":23,"column":46}},"line":23},"3":{"name":"(anonymous_3)","decl":{"start":{"line":26,"column":72},"end":{"line":26,"column":73}},"loc":{"start":{"line":27,"column":10},"end":{"line":36,"column":19}},"line":27},"4":{"name":"(anonymous_4)","decl":{"start":{"line":30,"column":19},"end":{"line":30,"column":20}},"loc":{"start":{"line":30,"column":25},"end":{"line":33,"column":11}},"line":30},"5":{"name":"(anonymous_5)","decl":{"start":{"line":41,"column":17},"end":{"line":41,"column":18}},"loc":{"start":{"line":41,"column":23},"end":{"line":41,"column":48}},"line":41}},"branchMap":{},"s":{"0":1,"1":1,"2":1,"3":1,"4":1,"5":0,"6":0,"7":0,"8":1,"9":0,"10":2,"11":0,"12":0,"13":0},"f":{"0":1,"1":0,"2":0,"3":2,"4":0,"5":0},"b":{},"_coverageSchema":"1a1c01bbd47fc00a2c39e90264f33305004495a9","hash":"67ffdc25719dd0c374c3229612e50d94266ccb88"}
,"/Users/greg/Desktop/2401/Project-Atelier/src/components/question-answers/SearchQuestion.jsx": {"path":"/Users/greg/Desktop/2401/Project-Atelier/src/components/question-answers/SearchQuestion.jsx","statementMap":{"0":{"start":{"line":5,"column":40},"end":{"line":5,"column":52}},"1":{"start":{"line":7,"column":2},"end":{"line":14,"column":4}},"2":{"start":{"line":9,"column":29},"end":{"line":9,"column":65}},"3":{"start":{"line":11,"column":61},"end":{"line":11,"column":91}}},"fnMap":{"0":{"name":"SearchQuestion","decl":{"start":{"line":4,"column":9},"end":{"line":4,"column":23}},"loc":{"start":{"line":4,"column":50},"end":{"line":15,"column":1}},"line":4},"1":{"name":"(anonymous_1)","decl":{"start":{"line":9,"column":22},"end":{"line":9,"column":23}},"loc":{"start":{"line":9,"column":29},"end":{"line":9,"column":65}},"line":9},"2":{"name":"(anonymous_2)","decl":{"start":{"line":11,"column":54},"end":{"line":11,"column":55}},"loc":{"start":{"line":11,"column":61},"end":{"line":11,"column":91}},"line":11}},"branchMap":{},"s":{"0":2,"1":2,"2":0,"3":0},"f":{"0":2,"1":0,"2":0},"b":{},"_coverageSchema":"1a1c01bbd47fc00a2c39e90264f33305004495a9","hash":"4bc96825d8dbba8f453f578679438aeae91a9e55"}
,"/Users/greg/Desktop/2401/Project-Atelier/src/components/rating-reviews/controllers/getRatings.jsx": {"path":"/Users/greg/Desktop/2401/Project-Atelier/src/components/rating-reviews/controllers/getRatings.jsx","statementMap":{"0":{"start":{"line":6,"column":20},"end":{"line":64,"column":1}},"1":{"start":{"line":7,"column":21},"end":{"line":17,"column":3}},"2":{"start":{"line":8,"column":14},"end":{"line":8,"column":15}},"3":{"start":{"line":9,"column":4},"end":{"line":16,"column":7}},"4":{"start":{"line":10,"column":6},"end":{"line":10,"column":15}},"5":{"start":{"line":11,"column":6},"end":{"line":15,"column":8}},"6":{"start":{"line":18,"column":23},"end":{"line":28,"column":3}},"7":{"start":{"line":19,"column":14},"end":{"line":19,"column":15}},"8":{"start":{"line":20,"column":4},"end":{"line":27,"column":7}},"9":{"start":{"line":21,"column":6},"end":{"line":21,"column":15}},"10":{"start":{"line":22,"column":6},"end":{"line":26,"column":8}},"11":{"start":{"line":29,"column":22},"end":{"line":52,"column":3}},"12":{"start":{"line":31,"column":4},"end":{"line":33,"column":5}},"13":{"start":{"line":32,"column":6},"end":{"line":32,"column":18}},"14":{"start":{"line":35,"column":18},"end":{"line":35,"column":68}},"15":{"start":{"line":36,"column":4},"end":{"line":51,"column":6}},"16":{"start":{"line":54,"column":2},"end":{"line":63,"column":4}},"17":{"start":{"line":67,"column":2},"end":{"line":96,"column":7}},"18":{"start":{"line":69,"column":23},"end":{"line":69,"column":31}},"19":{"start":{"line":71,"column":26},"end":{"line":71,"column":34}},"20":{"start":{"line":72,"column":39},"end":{"line":72,"column":45}},"21":{"start":{"line":73,"column":6},"end":{"line":76,"column":9}},"22":{"start":{"line":74,"column":8},"end":{"line":74,"column":57}},"23":{"start":{"line":75,"column":8},"end":{"line":75,"column":45}},"24":{"start":{"line":77,"column":25},"end":{"line":77,"column":74}},"25":{"start":{"line":79,"column":26},"end":{"line":79,"column":28}},"26":{"start":{"line":80,"column":6},"end":{"line":80,"column":57}},"27":{"start":{"line":81,"column":6},"end":{"line":81,"column":53}},"28":{"start":{"line":82,"column":6},"end":{"line":82,"column":73}},"29":{"start":{"line":83,"column":6},"end":{"line":83,"column":41}},"30":{"start":{"line":84,"column":6},"end":{"line":84,"column":25}},"31":{"start":{"line":86,"column":25},"end":{"line":86,"column":27}},"32":{"start":{"line":87,"column":6},"end":{"line":87,"column":38}},"33":{"start":{"line":88,"column":6},"end":{"line":88,"column":36}},"34":{"start":{"line":89,"column":6},"end":{"line":93,"column":8}},"35":{"start":{"line":94,"column":6},"end":{"line":94,"column":34}},"36":{"start":{"line":95,"column":6},"end":{"line":95,"column":24}}},"fnMap":{"0":{"name":"(anonymous_0)","decl":{"start":{"line":6,"column":20},"end":{"line":6,"column":21}},"loc":{"start":{"line":6,"column":46},"end":{"line":64,"column":1}},"line":6},"1":{"name":"(anonymous_1)","decl":{"start":{"line":7,"column":21},"end":{"line":7,"column":22}},"loc":{"start":{"line":7,"column":28},"end":{"line":17,"column":3}},"line":7},"2":{"name":"(anonymous_2)","decl":{"start":{"line":9,"column":35},"end":{"line":9,"column":36}},"loc":{"start":{"line":9,"column":41},"end":{"line":16,"column":5}},"line":9},"3":{"name":"(anonymous_3)","decl":{"start":{"line":18,"column":23},"end":{"line":18,"column":24}},"loc":{"start":{"line":18,"column":30},"end":{"line":28,"column":3}},"line":18},"4":{"name":"(anonymous_4)","decl":{"start":{"line":20,"column":35},"end":{"line":20,"column":36}},"loc":{"start":{"line":20,"column":41},"end":{"line":27,"column":5}},"line":20},"5":{"name":"(anonymous_5)","decl":{"start":{"line":29,"column":22},"end":{"line":29,"column":23}},"loc":{"start":{"line":29,"column":35},"end":{"line":52,"column":3}},"line":29},"6":{"name":"getRatings","decl":{"start":{"line":66,"column":9},"end":{"line":66,"column":19}},"loc":{"start":{"line":66,"column":41},"end":{"line":97,"column":1}},"line":66},"7":{"name":"(anonymous_7)","decl":{"start":{"line":68,"column":10},"end":{"line":68,"column":11}},"loc":{"start":{"line":68,"column":19},"end":{"line":85,"column":5}},"line":68},"8":{"name":"(anonymous_8)","decl":{"start":{"line":73,"column":35},"end":{"line":73,"column":36}},"loc":{"start":{"line":73,"column":44},"end":{"line":76,"column":7}},"line":73},"9":{"name":"(anonymous_9)","decl":{"start":{"line":85,"column":13},"end":{"line":85,"column":14}},"loc":{"start":{"line":85,"column":19},"end":{"line":96,"column":5}},"line":85}},"branchMap":{"0":{"loc":{"start":{"line":31,"column":4},"end":{"line":33,"column":5}},"type":"if","locations":[{"start":{"line":31,"column":4},"end":{"line":33,"column":5}},{"start":{},"end":{}}],"line":31},"1":{"loc":{"start":{"line":56,"column":26},"end":{"line":56,"column":56}},"type":"cond-expr","locations":[{"start":{"line":56,"column":37},"end":{"line":56,"column":51}},{"start":{"line":56,"column":54},"end":{"line":56,"column":56}}],"line":56},"2":{"loc":{"start":{"line":90,"column":34},"end":{"line":90,"column":64}},"type":"cond-expr","locations":[{"start":{"line":90,"column":45},"end":{"line":90,"column":59}},{"start":{"line":90,"column":62},"end":{"line":90,"column":64}}],"line":90}},"s":{"0":1,"1":1,"2":1,"3":1,"4":2,"5":2,"6":1,"7":1,"8":1,"9":2,"10":2,"11":1,"12":1,"13":0,"14":1,"15":1,"16":1,"17":0,"18":0,"19":0,"20":0,"21":0,"22":0,"23":0,"24":0,"25":0,"26":0,"27":0,"28":0,"29":0,"30":0,"31":0,"32":0,"33":0,"34":0,"35":0,"36":0},"f":{"0":1,"1":1,"2":2,"3":1,"4":2,"5":1,"6":0,"7":0,"8":0,"9":0},"b":{"0":[0,1],"1":[1,0],"2":[0,0]},"_coverageSchema":"1a1c01bbd47fc00a2c39e90264f33305004495a9","hash":"d6bc1b5194c6bbf3b4f088f3a13134e97d0d020a"}
,"/Users/greg/Desktop/2401/Project-Atelier/src/components/rating-reviews/models/reviewsModels.js": {"path":"/Users/greg/Desktop/2401/Project-Atelier/src/components/rating-reviews/models/reviewsModels.js","statementMap":{"0":{"start":{"line":3,"column":28},"end":{"line":3,"column":98}},"1":{"start":{"line":3,"column":43},"end":{"line":3,"column":98}},"2":{"start":{"line":5,"column":20},"end":{"line":7,"column":1}},"3":{"start":{"line":6,"column":2},"end":{"line":6,"column":93}},"4":{"start":{"line":9,"column":34},"end":{"line":11,"column":1}},"5":{"start":{"line":10,"column":2},"end":{"line":10,"column":58}},"6":{"start":{"line":13,"column":20},"end":{"line":15,"column":1}},"7":{"start":{"line":14,"column":2},"end":{"line":14,"column":44}},"8":{"start":{"line":17,"column":19},"end":{"line":19,"column":1}},"9":{"start":{"line":18,"column":2},"end":{"line":18,"column":47}}},"fnMap":{"0":{"name":"(anonymous_0)","decl":{"start":{"line":3,"column":28},"end":{"line":3,"column":29}},"loc":{"start":{"line":3,"column":43},"end":{"line":3,"column":98}},"line":3},"1":{"name":"(anonymous_1)","decl":{"start":{"line":5,"column":20},"end":{"line":5,"column":21}},"loc":{"start":{"line":6,"column":2},"end":{"line":6,"column":93}},"line":6},"2":{"name":"(anonymous_2)","decl":{"start":{"line":9,"column":34},"end":{"line":9,"column":35}},"loc":{"start":{"line":10,"column":2},"end":{"line":10,"column":58}},"line":10},"3":{"name":"(anonymous_3)","decl":{"start":{"line":13,"column":20},"end":{"line":13,"column":21}},"loc":{"start":{"line":14,"column":2},"end":{"line":14,"column":44}},"line":14},"4":{"name":"(anonymous_4)","decl":{"start":{"line":17,"column":19},"end":{"line":17,"column":20}},"loc":{"start":{"line":18,"column":2},"end":{"line":18,"column":47}},"line":18}},"branchMap":{},"s":{"0":1,"1":0,"2":1,"3":0,"4":1,"5":0,"6":1,"7":0,"8":1,"9":0},"f":{"0":0,"1":0,"2":0,"3":0,"4":0},"b":{},"_coverageSchema":"1a1c01bbd47fc00a2c39e90264f33305004495a9","hash":"04e57b3e6c30e339deafb5b84a9ad0f50ec0d9c7"}
,"/Users/greg/Desktop/2401/Project-Atelier/src/components/related-products/RelatedCard.jsx": {"path":"/Users/greg/Desktop/2401/Project-Atelier/src/components/related-products/RelatedCard.jsx","statementMap":{"0":{"start":{"line":8,"column":2},"end":{"line":35,"column":4}}},"fnMap":{"0":{"name":"RelatedCard","decl":{"start":{"line":5,"column":9},"end":{"line":5,"column":20}},"loc":{"start":{"line":5,"column":41},"end":{"line":36,"column":1}},"line":5}},"branchMap":{"0":{"loc":{"start":{"line":14,"column":15},"end":{"line":14,"column":116}},"type":"cond-expr","locations":[{"start":{"line":14,"column":23},"end":{"line":14,"column":28}},{"start":{"line":14,"column":31},"end":{"line":14,"column":116}}],"line":14}},"s":{"0":1},"f":{"0":1},"b":{"0":[0,1]},"_coverageSchema":"1a1c01bbd47fc00a2c39e90264f33305004495a9","hash":"f1bf022a9b232bf28d9cab31f11f1de081fc16e2"}
}
