{"/home/james/SeniorPhaseHR/Project-Atelier/src/components/overview/HeroModal.jsx": {"path":"/home/james/SeniorPhaseHR/Project-Atelier/src/components/overview/HeroModal.jsx","statementMap":{"0":{"start":{"line":6,"column":36},"end":{"line":6,"column":51}},"1":{"start":{"line":8,"column":22},"end":{"line":10,"column":3}},"2":{"start":{"line":9,"column":4},"end":{"line":9,"column":29}},"3":{"start":{"line":12,"column":2},"end":{"line":16,"column":3}},"4":{"start":{"line":13,"column":4},"end":{"line":13,"column":60}},"5":{"start":{"line":15,"column":4},"end":{"line":15,"column":63}},"6":{"start":{"line":18,"column":2},"end":{"line":33,"column":4}}},"fnMap":{"0":{"name":"HeroModal","decl":{"start":{"line":5,"column":9},"end":{"line":5,"column":18}},"loc":{"start":{"line":5,"column":37},"end":{"line":34,"column":1}},"line":5},"1":{"name":"(anonymous_1)","decl":{"start":{"line":8,"column":22},"end":{"line":8,"column":23}},"loc":{"start":{"line":8,"column":28},"end":{"line":10,"column":3}},"line":8}},"branchMap":{"0":{"loc":{"start":{"line":12,"column":2},"end":{"line":16,"column":3}},"type":"if","locations":[{"start":{"line":12,"column":2},"end":{"line":16,"column":3}},{"start":{"line":14,"column":9},"end":{"line":16,"column":3}}],"line":12},"1":{"loc":{"start":{"line":23,"column":7},"end":{"line":31,"column":7}},"type":"binary-expr","locations":[{"start":{"line":23,"column":7},"end":{"line":23,"column":16}},{"start":{"line":24,"column":6},"end":{"line":30,"column":12}}],"line":23},"2":{"loc":{"start":{"line":27,"column":11},"end":{"line":27,"column":125}},"type":"cond-expr","locations":[{"start":{"line":27,"column":26},"end":{"line":27,"column":105}},{"start":{"line":27,"column":108},"end":{"line":27,"column":125}}],"line":27}},"s":{"0":1,"1":1,"2":0,"3":1,"4":0,"5":1,"6":1},"f":{"0":1,"1":0},"b":{"0":[0,1],"1":[1,0],"2":[0,0]},"_coverageSchema":"1a1c01bbd47fc00a2c39e90264f33305004495a9","hash":"e83f1cf4974362cff4a976241e65c596c6cf6984"}
,"/home/james/SeniorPhaseHR/Project-Atelier/src/components/overview/ImageGallery.jsx": {"path":"/home/james/SeniorPhaseHR/Project-Atelier/src/components/overview/ImageGallery.jsx","statementMap":{"0":{"start":{"line":6,"column":22},"end":{"line":9,"column":3}},"1":{"start":{"line":7,"column":4},"end":{"line":7,"column":33}},"2":{"start":{"line":8,"column":4},"end":{"line":8,"column":49}},"3":{"start":{"line":11,"column":2},"end":{"line":30,"column":4}},"4":{"start":{"line":17,"column":10},"end":{"line":25,"column":19}},"5":{"start":{"line":21,"column":27},"end":{"line":21,"column":45}}},"fnMap":{"0":{"name":"ImageGallery","decl":{"start":{"line":5,"column":9},"end":{"line":5,"column":21}},"loc":{"start":{"line":5,"column":98},"end":{"line":31,"column":1}},"line":5},"1":{"name":"(anonymous_1)","decl":{"start":{"line":6,"column":22},"end":{"line":6,"column":23}},"loc":{"start":{"line":6,"column":33},"end":{"line":9,"column":3}},"line":6},"2":{"name":"(anonymous_2)","decl":{"start":{"line":16,"column":38},"end":{"line":16,"column":39}},"loc":{"start":{"line":17,"column":10},"end":{"line":25,"column":19}},"line":17},"3":{"name":"(anonymous_3)","decl":{"start":{"line":21,"column":21},"end":{"line":21,"column":22}},"loc":{"start":{"line":21,"column":27},"end":{"line":21,"column":45}},"line":21}},"branchMap":{"0":{"loc":{"start":{"line":13,"column":7},"end":{"line":13,"column":116}},"type":"cond-expr","locations":[{"start":{"line":13,"column":22},"end":{"line":13,"column":96}},{"start":{"line":13,"column":99},"end":{"line":13,"column":116}}],"line":13},"1":{"loc":{"start":{"line":16,"column":9},"end":{"line":26,"column":10}},"type":"binary-expr","locations":[{"start":{"line":16,"column":9},"end":{"line":16,"column":19}},{"start":{"line":16,"column":23},"end":{"line":26,"column":10}}],"line":16}},"s":{"0":1,"1":0,"2":0,"3":1,"4":2,"5":0},"f":{"0":1,"1":0,"2":2,"3":0},"b":{"0":[1,0],"1":[1,1]},"_coverageSchema":"1a1c01bbd47fc00a2c39e90264f33305004495a9","hash":"2f2a2f758751c7ec0ef71b257eda931641093aa6"}
,"/home/james/SeniorPhaseHR/Project-Atelier/src/components/question-answers/AddAnswer.jsx": {"path":"/home/james/SeniorPhaseHR/Project-Atelier/src/components/question-answers/AddAnswer.jsx","statementMap":{"0":{"start":{"line":7,"column":40},"end":{"line":7,"column":55}},"1":{"start":{"line":9,"column":38},"end":{"line":9,"column":50}},"2":{"start":{"line":10,"column":34},"end":{"line":10,"column":46}},"3":{"start":{"line":11,"column":28},"end":{"line":11,"column":40}},"4":{"start":{"line":12,"column":30},"end":{"line":12,"column":42}},"5":{"start":{"line":13,"column":48},"end":{"line":13,"column":59}},"6":{"start":{"line":14,"column":42},"end":{"line":14,"column":54}},"7":{"start":{"line":28,"column":20},"end":{"line":30,"column":3}},"8":{"start":{"line":29,"column":4},"end":{"line":29,"column":25}},"9":{"start":{"line":32,"column":21},"end":{"line":34,"column":3}},"10":{"start":{"line":33,"column":4},"end":{"line":33,"column":26}},"11":{"start":{"line":37,"column":23},"end":{"line":40,"column":3}},"12":{"start":{"line":38,"column":20},"end":{"line":38,"column":48}},"13":{"start":{"line":39,"column":4},"end":{"line":39,"column":31}},"14":{"start":{"line":42,"column":28},"end":{"line":53,"column":3}},"15":{"start":{"line":43,"column":22},"end":{"line":43,"column":33}},"16":{"start":{"line":44,"column":17},"end":{"line":44,"column":34}},"17":{"start":{"line":47,"column":4},"end":{"line":52,"column":5}},"18":{"start":{"line":48,"column":23},"end":{"line":48,"column":48}},"19":{"start":{"line":49,"column":6},"end":{"line":49,"column":46}},"20":{"start":{"line":50,"column":6},"end":{"line":50,"column":27}},"21":{"start":{"line":51,"column":6},"end":{"line":51,"column":46}},"22":{"start":{"line":55,"column":22},"end":{"line":60,"column":3}},"23":{"start":{"line":56,"column":22},"end":{"line":56,"column":33}},"24":{"start":{"line":57,"column":4},"end":{"line":57,"column":31}},"25":{"start":{"line":58,"column":4},"end":{"line":58,"column":25}},"26":{"start":{"line":59,"column":4},"end":{"line":59,"column":44}},"27":{"start":{"line":62,"column":29},"end":{"line":90,"column":3}},"28":{"start":{"line":63,"column":4},"end":{"line":63,"column":27}},"29":{"start":{"line":65,"column":4},"end":{"line":89,"column":5}},"30":{"start":{"line":66,"column":6},"end":{"line":66,"column":51}},"31":{"start":{"line":67,"column":11},"end":{"line":89,"column":5}},"32":{"start":{"line":68,"column":6},"end":{"line":68,"column":48}},"33":{"start":{"line":69,"column":11},"end":{"line":89,"column":5}},"34":{"start":{"line":70,"column":6},"end":{"line":70,"column":88}},"35":{"start":{"line":72,"column":6},"end":{"line":72,"column":26}},"36":{"start":{"line":73,"column":6},"end":{"line":73,"column":19}},"37":{"start":{"line":74,"column":24},"end":{"line":74,"column":56}},"38":{"start":{"line":74,"column":46},"end":{"line":74,"column":55}},"39":{"start":{"line":75,"column":6},"end":{"line":75,"column":42}},"40":{"start":{"line":76,"column":6},"end":{"line":88,"column":11}},"41":{"start":{"line":80,"column":10},"end":{"line":80,"column":28}},"42":{"start":{"line":81,"column":10},"end":{"line":81,"column":26}},"43":{"start":{"line":82,"column":10},"end":{"line":82,"column":23}},"44":{"start":{"line":83,"column":10},"end":{"line":83,"column":24}},"45":{"start":{"line":84,"column":10},"end":{"line":84,"column":50}},"46":{"start":{"line":87,"column":10},"end":{"line":87,"column":27}},"47":{"start":{"line":92,"column":2},"end":{"line":167,"column":4}},"48":{"start":{"line":96,"column":31},"end":{"line":96,"column":86}},"49":{"start":{"line":104,"column":29},"end":{"line":104,"column":58}},"50":{"start":{"line":116,"column":29},"end":{"line":116,"column":56}},"51":{"start":{"line":131,"column":29},"end":{"line":131,"column":53}},"52":{"start":{"line":153,"column":14},"end":{"line":158,"column":20}},"53":{"start":{"line":155,"column":53},"end":{"line":155,"column":71}}},"fnMap":{"0":{"name":"AddAnswer","decl":{"start":{"line":6,"column":9},"end":{"line":6,"column":18}},"loc":{"start":{"line":6,"column":46},"end":{"line":168,"column":1}},"line":6},"1":{"name":"(anonymous_1)","decl":{"start":{"line":28,"column":20},"end":{"line":28,"column":21}},"loc":{"start":{"line":28,"column":26},"end":{"line":30,"column":3}},"line":28},"2":{"name":"(anonymous_2)","decl":{"start":{"line":32,"column":21},"end":{"line":32,"column":22}},"loc":{"start":{"line":32,"column":27},"end":{"line":34,"column":3}},"line":32},"3":{"name":"(anonymous_3)","decl":{"start":{"line":37,"column":23},"end":{"line":37,"column":24}},"loc":{"start":{"line":37,"column":34},"end":{"line":40,"column":3}},"line":37},"4":{"name":"(anonymous_4)","decl":{"start":{"line":42,"column":28},"end":{"line":42,"column":29}},"loc":{"start":{"line":42,"column":35},"end":{"line":53,"column":3}},"line":42},"5":{"name":"(anonymous_5)","decl":{"start":{"line":55,"column":22},"end":{"line":55,"column":23}},"loc":{"start":{"line":55,"column":33},"end":{"line":60,"column":3}},"line":55},"6":{"name":"(anonymous_6)","decl":{"start":{"line":62,"column":29},"end":{"line":62,"column":30}},"loc":{"start":{"line":62,"column":70},"end":{"line":90,"column":3}},"line":62},"7":{"name":"(anonymous_7)","decl":{"start":{"line":74,"column":35},"end":{"line":74,"column":36}},"loc":{"start":{"line":74,"column":46},"end":{"line":74,"column":55}},"line":74},"8":{"name":"(anonymous_8)","decl":{"start":{"line":79,"column":14},"end":{"line":79,"column":15}},"loc":{"start":{"line":79,"column":20},"end":{"line":85,"column":9}},"line":79},"9":{"name":"(anonymous_9)","decl":{"start":{"line":86,"column":15},"end":{"line":86,"column":16}},"loc":{"start":{"line":86,"column":24},"end":{"line":88,"column":9}},"line":86},"10":{"name":"(anonymous_10)","decl":{"start":{"line":96,"column":24},"end":{"line":96,"column":25}},"loc":{"start":{"line":96,"column":31},"end":{"line":96,"column":86}},"line":96},"11":{"name":"(anonymous_11)","decl":{"start":{"line":104,"column":22},"end":{"line":104,"column":23}},"loc":{"start":{"line":104,"column":29},"end":{"line":104,"column":58}},"line":104},"12":{"name":"(anonymous_12)","decl":{"start":{"line":116,"column":22},"end":{"line":116,"column":23}},"loc":{"start":{"line":116,"column":29},"end":{"line":116,"column":56}},"line":116},"13":{"name":"(anonymous_13)","decl":{"start":{"line":131,"column":22},"end":{"line":131,"column":23}},"loc":{"start":{"line":131,"column":29},"end":{"line":131,"column":53}},"line":131},"14":{"name":"(anonymous_14)","decl":{"start":{"line":152,"column":24},"end":{"line":152,"column":25}},"loc":{"start":{"line":153,"column":14},"end":{"line":158,"column":20}},"line":153},"15":{"name":"(anonymous_15)","decl":{"start":{"line":155,"column":47},"end":{"line":155,"column":48}},"loc":{"start":{"line":155,"column":53},"end":{"line":155,"column":71}},"line":155}},"branchMap":{"0":{"loc":{"start":{"line":47,"column":4},"end":{"line":52,"column":5}},"type":"if","locations":[{"start":{"line":47,"column":4},"end":{"line":52,"column":5}},{"start":{},"end":{}}],"line":47},"1":{"loc":{"start":{"line":47,"column":8},"end":{"line":47,"column":35}},"type":"binary-expr","locations":[{"start":{"line":47,"column":8},"end":{"line":47,"column":12}},{"start":{"line":47,"column":16},"end":{"line":47,"column":35}}],"line":47},"2":{"loc":{"start":{"line":65,"column":4},"end":{"line":89,"column":5}},"type":"if","locations":[{"start":{"line":65,"column":4},"end":{"line":89,"column":5}},{"start":{"line":67,"column":11},"end":{"line":89,"column":5}}],"line":65},"3":{"loc":{"start":{"line":67,"column":11},"end":{"line":89,"column":5}},"type":"if","locations":[{"start":{"line":67,"column":11},"end":{"line":89,"column":5}},{"start":{"line":69,"column":11},"end":{"line":89,"column":5}}],"line":67},"4":{"loc":{"start":{"line":69,"column":11},"end":{"line":89,"column":5}},"type":"if","locations":[{"start":{"line":69,"column":11},"end":{"line":89,"column":5}},{"start":{"line":71,"column":11},"end":{"line":89,"column":5}}],"line":69}},"s":{"0":2,"1":2,"2":2,"3":2,"4":2,"5":2,"6":2,"7":2,"8":0,"9":2,"10":0,"11":2,"12":0,"13":0,"14":2,"15":0,"16":0,"17":0,"18":0,"19":0,"20":0,"21":0,"22":2,"23":0,"24":0,"25":0,"26":0,"27":2,"28":0,"29":0,"30":0,"31":0,"32":0,"33":0,"34":0,"35":0,"36":0,"37":0,"38":0,"39":0,"40":0,"41":0,"42":0,"43":0,"44":0,"45":0,"46":0,"47":2,"48":0,"49":0,"50":0,"51":0,"52":0,"53":0},"f":{"0":2,"1":0,"2":0,"3":0,"4":0,"5":0,"6":0,"7":0,"8":0,"9":0,"10":0,"11":0,"12":0,"13":0,"14":0,"15":0},"b":{"0":[0,0],"1":[0,0],"2":[0,0],"3":[0,0],"4":[0,0]},"_coverageSchema":"1a1c01bbd47fc00a2c39e90264f33305004495a9","hash":"bd56045fe0999665a8bd6a4020c856b09bad5093"}
,"/home/james/SeniorPhaseHR/Project-Atelier/src/components/question-answers/AddAnswerModal.jsx": {"path":"/home/james/SeniorPhaseHR/Project-Atelier/src/components/question-answers/AddAnswerModal.jsx","statementMap":{"0":{"start":{"line":8,"column":20},"end":{"line":8,"column":52}},"1":{"start":{"line":12,"column":4},"end":{"line":23,"column":13}},"2":{"start":{"line":26,"column":2},"end":{"line":26,"column":72}}},"fnMap":{"0":{"name":"AddAnswerModal","decl":{"start":{"line":5,"column":9},"end":{"line":5,"column":23}},"loc":{"start":{"line":7,"column":3},"end":{"line":27,"column":1}},"line":7}},"branchMap":{"0":{"loc":{"start":{"line":26,"column":9},"end":{"line":26,"column":71}},"type":"cond-expr","locations":[{"start":{"line":26,"column":18},"end":{"line":26,"column":64}},{"start":{"line":26,"column":67},"end":{"line":26,"column":71}}],"line":26}},"s":{"0":2,"1":2,"2":2},"f":{"0":2},"b":{"0":[0,2]},"_coverageSchema":"1a1c01bbd47fc00a2c39e90264f33305004495a9","hash":"b4d3b391ba729fe15c9fb64b5ca31cb30869702b"}
,"/home/james/SeniorPhaseHR/Project-Atelier/src/components/question-answers/AddQuestion.jsx": {"path":"/home/james/SeniorPhaseHR/Project-Atelier/src/components/question-answers/AddQuestion.jsx","statementMap":{"0":{"start":{"line":7,"column":40},"end":{"line":7,"column":52}},"1":{"start":{"line":8,"column":40},"end":{"line":8,"column":55}},"2":{"start":{"line":9,"column":40},"end":{"line":9,"column":52}},"3":{"start":{"line":10,"column":34},"end":{"line":10,"column":46}},"4":{"start":{"line":11,"column":28},"end":{"line":11,"column":40}},"5":{"start":{"line":12,"column":42},"end":{"line":12,"column":54}},"6":{"start":{"line":15,"column":2},"end":{"line":24,"column":18}},"7":{"start":{"line":16,"column":4},"end":{"line":23,"column":9}},"8":{"start":{"line":19,"column":8},"end":{"line":19,"column":43}},"9":{"start":{"line":22,"column":8},"end":{"line":22,"column":25}},"10":{"start":{"line":26,"column":20},"end":{"line":29,"column":3}},"11":{"start":{"line":27,"column":4},"end":{"line":27,"column":32}},"12":{"start":{"line":28,"column":4},"end":{"line":28,"column":25}},"13":{"start":{"line":31,"column":21},"end":{"line":34,"column":3}},"14":{"start":{"line":32,"column":4},"end":{"line":32,"column":32}},"15":{"start":{"line":33,"column":4},"end":{"line":33,"column":26}},"16":{"start":{"line":36,"column":31},"end":{"line":58,"column":3}},"17":{"start":{"line":37,"column":4},"end":{"line":37,"column":27}},"18":{"start":{"line":39,"column":4},"end":{"line":57,"column":5}},"19":{"start":{"line":40,"column":6},"end":{"line":40,"column":52}},"20":{"start":{"line":41,"column":11},"end":{"line":57,"column":5}},"21":{"start":{"line":42,"column":6},"end":{"line":42,"column":48}},"22":{"start":{"line":43,"column":11},"end":{"line":57,"column":5}},"23":{"start":{"line":44,"column":6},"end":{"line":44,"column":88}},"24":{"start":{"line":46,"column":6},"end":{"line":46,"column":26}},"25":{"start":{"line":47,"column":6},"end":{"line":56,"column":11}},"26":{"start":{"line":51,"column":10},"end":{"line":51,"column":23}},"27":{"start":{"line":52,"column":10},"end":{"line":52,"column":52}},"28":{"start":{"line":55,"column":10},"end":{"line":55,"column":54}},"29":{"start":{"line":61,"column":23},"end":{"line":64,"column":3}},"30":{"start":{"line":62,"column":20},"end":{"line":62,"column":48}},"31":{"start":{"line":63,"column":4},"end":{"line":63,"column":31}},"32":{"start":{"line":66,"column":2},"end":{"line":128,"column":4}},"33":{"start":{"line":70,"column":31},"end":{"line":70,"column":92}},"34":{"start":{"line":78,"column":29},"end":{"line":78,"column":59}},"35":{"start":{"line":90,"column":29},"end":{"line":90,"column":56}},"36":{"start":{"line":105,"column":29},"end":{"line":105,"column":53}}},"fnMap":{"0":{"name":"AddQuestion","decl":{"start":{"line":6,"column":9},"end":{"line":6,"column":20}},"loc":{"start":{"line":6,"column":36},"end":{"line":129,"column":1}},"line":6},"1":{"name":"(anonymous_1)","decl":{"start":{"line":15,"column":12},"end":{"line":15,"column":13}},"loc":{"start":{"line":15,"column":18},"end":{"line":24,"column":3}},"line":15},"2":{"name":"(anonymous_2)","decl":{"start":{"line":17,"column":12},"end":{"line":17,"column":13}},"loc":{"start":{"line":17,"column":26},"end":{"line":20,"column":7}},"line":17},"3":{"name":"(anonymous_3)","decl":{"start":{"line":21,"column":13},"end":{"line":21,"column":14}},"loc":{"start":{"line":21,"column":22},"end":{"line":23,"column":7}},"line":21},"4":{"name":"(anonymous_4)","decl":{"start":{"line":26,"column":20},"end":{"line":26,"column":21}},"loc":{"start":{"line":26,"column":26},"end":{"line":29,"column":3}},"line":26},"5":{"name":"(anonymous_5)","decl":{"start":{"line":31,"column":21},"end":{"line":31,"column":22}},"loc":{"start":{"line":31,"column":27},"end":{"line":34,"column":3}},"line":31},"6":{"name":"(anonymous_6)","decl":{"start":{"line":36,"column":31},"end":{"line":36,"column":32}},"loc":{"start":{"line":36,"column":76},"end":{"line":58,"column":3}},"line":36},"7":{"name":"(anonymous_7)","decl":{"start":{"line":50,"column":14},"end":{"line":50,"column":15}},"loc":{"start":{"line":50,"column":20},"end":{"line":53,"column":9}},"line":50},"8":{"name":"(anonymous_8)","decl":{"start":{"line":54,"column":15},"end":{"line":54,"column":16}},"loc":{"start":{"line":54,"column":24},"end":{"line":56,"column":9}},"line":54},"9":{"name":"(anonymous_9)","decl":{"start":{"line":61,"column":23},"end":{"line":61,"column":24}},"loc":{"start":{"line":61,"column":34},"end":{"line":64,"column":3}},"line":61},"10":{"name":"(anonymous_10)","decl":{"start":{"line":70,"column":24},"end":{"line":70,"column":25}},"loc":{"start":{"line":70,"column":31},"end":{"line":70,"column":92}},"line":70},"11":{"name":"(anonymous_11)","decl":{"start":{"line":78,"column":22},"end":{"line":78,"column":23}},"loc":{"start":{"line":78,"column":29},"end":{"line":78,"column":59}},"line":78},"12":{"name":"(anonymous_12)","decl":{"start":{"line":90,"column":22},"end":{"line":90,"column":23}},"loc":{"start":{"line":90,"column":29},"end":{"line":90,"column":56}},"line":90},"13":{"name":"(anonymous_13)","decl":{"start":{"line":105,"column":22},"end":{"line":105,"column":23}},"loc":{"start":{"line":105,"column":29},"end":{"line":105,"column":53}},"line":105}},"branchMap":{"0":{"loc":{"start":{"line":39,"column":4},"end":{"line":57,"column":5}},"type":"if","locations":[{"start":{"line":39,"column":4},"end":{"line":57,"column":5}},{"start":{"line":41,"column":11},"end":{"line":57,"column":5}}],"line":39},"1":{"loc":{"start":{"line":41,"column":11},"end":{"line":57,"column":5}},"type":"if","locations":[{"start":{"line":41,"column":11},"end":{"line":57,"column":5}},{"start":{"line":43,"column":11},"end":{"line":57,"column":5}}],"line":41},"2":{"loc":{"start":{"line":43,"column":11},"end":{"line":57,"column":5}},"type":"if","locations":[{"start":{"line":43,"column":11},"end":{"line":57,"column":5}},{"start":{"line":45,"column":11},"end":{"line":57,"column":5}}],"line":43},"3":{"loc":{"start":{"line":116,"column":11},"end":{"line":124,"column":13}},"type":"binary-expr","locations":[{"start":{"line":116,"column":11},"end":{"line":116,"column":23}},{"start":{"line":118,"column":12},"end":{"line":123,"column":18}}],"line":116}},"s":{"0":3,"1":3,"2":3,"3":3,"4":3,"5":3,"6":3,"7":2,"8":0,"9":0,"10":3,"11":0,"12":0,"13":3,"14":0,"15":0,"16":3,"17":0,"18":0,"19":0,"20":0,"21":0,"22":0,"23":0,"24":0,"25":0,"26":0,"27":0,"28":0,"29":3,"30":0,"31":0,"32":3,"33":0,"34":0,"35":0,"36":0},"f":{"0":3,"1":2,"2":0,"3":0,"4":0,"5":0,"6":0,"7":0,"8":0,"9":0,"10":0,"11":0,"12":0,"13":0},"b":{"0":[0,0],"1":[0,0],"2":[0,0],"3":[3,0]},"_coverageSchema":"1a1c01bbd47fc00a2c39e90264f33305004495a9","hash":"57b7ab4821a314f9692c93e0c2e74365c5fc2e74"}
,"/home/james/SeniorPhaseHR/Project-Atelier/src/components/question-answers/AddQuestionModal.jsx": {"path":"/home/james/SeniorPhaseHR/Project-Atelier/src/components/question-answers/AddQuestionModal.jsx","statementMap":{"0":{"start":{"line":8,"column":20},"end":{"line":8,"column":52}},"1":{"start":{"line":11,"column":4},"end":{"line":20,"column":13}},"2":{"start":{"line":23,"column":2},"end":{"line":23,"column":72}}},"fnMap":{"0":{"name":"AddQuestionModal","decl":{"start":{"line":5,"column":9},"end":{"line":5,"column":25}},"loc":{"start":{"line":7,"column":3},"end":{"line":24,"column":1}},"line":7}},"branchMap":{"0":{"loc":{"start":{"line":23,"column":9},"end":{"line":23,"column":71}},"type":"cond-expr","locations":[{"start":{"line":23,"column":18},"end":{"line":23,"column":64}},{"start":{"line":23,"column":67},"end":{"line":23,"column":71}}],"line":23}},"s":{"0":3,"1":3,"2":3},"f":{"0":3},"b":{"0":[0,3]},"_coverageSchema":"1a1c01bbd47fc00a2c39e90264f33305004495a9","hash":"e347c720dafbc543988fb5bbb9526fe5eb3c7d5a"}
,"/home/james/SeniorPhaseHR/Project-Atelier/src/components/question-answers/Answer.jsx": {"path":"/home/james/SeniorPhaseHR/Project-Atelier/src/components/question-answers/Answer.jsx","statementMap":{"0":{"start":{"line":9,"column":34},"end":{"line":9,"column":49}},"1":{"start":{"line":10,"column":42},"end":{"line":10,"column":70}},"2":{"start":{"line":11,"column":34},"end":{"line":11,"column":49}},"3":{"start":{"line":13,"column":2},"end":{"line":18,"column":25}},"4":{"start":{"line":14,"column":28},"end":{"line":14,"column":82}},"5":{"start":{"line":15,"column":4},"end":{"line":17,"column":5}},"6":{"start":{"line":16,"column":6},"end":{"line":16,"column":24}},"7":{"start":{"line":20,"column":2},"end":{"line":25,"column":25}},"8":{"start":{"line":21,"column":31},"end":{"line":21,"column":96}},"9":{"start":{"line":22,"column":4},"end":{"line":24,"column":5}},"10":{"start":{"line":23,"column":6},"end":{"line":23,"column":24}},"11":{"start":{"line":27,"column":22},"end":{"line":30,"column":3}},"12":{"start":{"line":28,"column":4},"end":{"line":28,"column":22}},"13":{"start":{"line":29,"column":4},"end":{"line":29,"column":67}},"14":{"start":{"line":32,"column":28},"end":{"line":44,"column":3}},"15":{"start":{"line":33,"column":4},"end":{"line":43,"column":5}},"16":{"start":{"line":34,"column":6},"end":{"line":40,"column":11}},"17":{"start":{"line":36,"column":10},"end":{"line":36,"column":44}},"18":{"start":{"line":39,"column":10},"end":{"line":39,"column":27}},"19":{"start":{"line":42,"column":6},"end":{"line":42,"column":20}},"20":{"start":{"line":46,"column":23},"end":{"line":49,"column":3}},"21":{"start":{"line":47,"column":4},"end":{"line":47,"column":22}},"22":{"start":{"line":48,"column":4},"end":{"line":48,"column":70}},"23":{"start":{"line":51,"column":31},"end":{"line":57,"column":3}},"24":{"start":{"line":52,"column":4},"end":{"line":55,"column":9}},"25":{"start":{"line":54,"column":8},"end":{"line":54,"column":25}},"26":{"start":{"line":56,"column":4},"end":{"line":56,"column":19}},"27":{"start":{"line":59,"column":2},"end":{"line":88,"column":4}}},"fnMap":{"0":{"name":"Answer","decl":{"start":{"line":6,"column":9},"end":{"line":6,"column":15}},"loc":{"start":{"line":6,"column":28},"end":{"line":89,"column":1}},"line":6},"1":{"name":"(anonymous_1)","decl":{"start":{"line":13,"column":12},"end":{"line":13,"column":13}},"loc":{"start":{"line":13,"column":18},"end":{"line":18,"column":3}},"line":13},"2":{"name":"(anonymous_2)","decl":{"start":{"line":20,"column":12},"end":{"line":20,"column":13}},"loc":{"start":{"line":20,"column":18},"end":{"line":25,"column":3}},"line":20},"3":{"name":"(anonymous_3)","decl":{"start":{"line":27,"column":22},"end":{"line":27,"column":23}},"loc":{"start":{"line":27,"column":28},"end":{"line":30,"column":3}},"line":27},"4":{"name":"(anonymous_4)","decl":{"start":{"line":32,"column":28},"end":{"line":32,"column":29}},"loc":{"start":{"line":32,"column":34},"end":{"line":44,"column":3}},"line":32},"5":{"name":"(anonymous_5)","decl":{"start":{"line":35,"column":14},"end":{"line":35,"column":15}},"loc":{"start":{"line":35,"column":20},"end":{"line":37,"column":9}},"line":35},"6":{"name":"(anonymous_6)","decl":{"start":{"line":38,"column":15},"end":{"line":38,"column":16}},"loc":{"start":{"line":38,"column":24},"end":{"line":40,"column":9}},"line":38},"7":{"name":"(anonymous_7)","decl":{"start":{"line":46,"column":23},"end":{"line":46,"column":24}},"loc":{"start":{"line":46,"column":29},"end":{"line":49,"column":3}},"line":46},"8":{"name":"(anonymous_8)","decl":{"start":{"line":51,"column":31},"end":{"line":51,"column":32}},"loc":{"start":{"line":51,"column":37},"end":{"line":57,"column":3}},"line":51},"9":{"name":"(anonymous_9)","decl":{"start":{"line":53,"column":13},"end":{"line":53,"column":14}},"loc":{"start":{"line":53,"column":22},"end":{"line":55,"column":7}},"line":53}},"branchMap":{"0":{"loc":{"start":{"line":15,"column":4},"end":{"line":17,"column":5}},"type":"if","locations":[{"start":{"line":15,"column":4},"end":{"line":17,"column":5}},{"start":{},"end":{}}],"line":15},"1":{"loc":{"start":{"line":22,"column":4},"end":{"line":24,"column":5}},"type":"if","locations":[{"start":{"line":22,"column":4},"end":{"line":24,"column":5}},{"start":{},"end":{}}],"line":22},"2":{"loc":{"start":{"line":33,"column":4},"end":{"line":43,"column":5}},"type":"if","locations":[{"start":{"line":33,"column":4},"end":{"line":43,"column":5}},{"start":{},"end":{}}],"line":33},"3":{"loc":{"start":{"line":70,"column":50},"end":{"line":70,"column":136}},"type":"cond-expr","locations":[{"start":{"line":70,"column":100},"end":{"line":70,"column":113}},{"start":{"line":70,"column":116},"end":{"line":70,"column":136}}],"line":70},"4":{"loc":{"start":{"line":83,"column":11},"end":{"line":83,"column":43}},"type":"cond-expr","locations":[{"start":{"line":83,"column":22},"end":{"line":83,"column":32}},{"start":{"line":83,"column":35},"end":{"line":83,"column":43}}],"line":83}},"s":{"0":1,"1":1,"2":1,"3":1,"4":1,"5":1,"6":0,"7":1,"8":1,"9":1,"10":0,"11":1,"12":0,"13":0,"14":1,"15":0,"16":0,"17":0,"18":0,"19":0,"20":1,"21":0,"22":0,"23":1,"24":0,"25":0,"26":0,"27":1},"f":{"0":1,"1":1,"2":1,"3":0,"4":0,"5":0,"6":0,"7":0,"8":0,"9":0},"b":{"0":[0,1],"1":[0,1],"2":[0,0],"3":[0,1],"4":[0,1]},"_coverageSchema":"1a1c01bbd47fc00a2c39e90264f33305004495a9","hash":"4481df3ec02c95a61dd9219fb64b88e5ae05d0ab"}
,"/home/james/SeniorPhaseHR/Project-Atelier/src/components/question-answers/AnswerList.jsx": {"path":"/home/james/SeniorPhaseHR/Project-Atelier/src/components/question-answers/AnswerList.jsx","statementMap":{"0":{"start":{"line":7,"column":38},"end":{"line":7,"column":50}},"1":{"start":{"line":8,"column":46},"end":{"line":8,"column":57}},"2":{"start":{"line":9,"column":50},"end":{"line":9,"column":61}},"3":{"start":{"line":11,"column":26},"end":{"line":13,"column":3}},"4":{"start":{"line":12,"column":4},"end":{"line":12,"column":42}},"5":{"start":{"line":15,"column":2},"end":{"line":24,"column":19}},"6":{"start":{"line":16,"column":4},"end":{"line":23,"column":9}},"7":{"start":{"line":18,"column":8},"end":{"line":18,"column":91}},"8":{"start":{"line":18,"column":59},"end":{"line":18,"column":88}},"9":{"start":{"line":22,"column":8},"end":{"line":22,"column":58}},"10":{"start":{"line":26,"column":2},"end":{"line":28,"column":35}},"11":{"start":{"line":27,"column":4},"end":{"line":27,"column":60}},"12":{"start":{"line":30,"column":2},"end":{"line":38,"column":4}},"13":{"start":{"line":33,"column":8},"end":{"line":33,"column":57}}},"fnMap":{"0":{"name":"AnswerList","decl":{"start":{"line":6,"column":9},"end":{"line":6,"column":19}},"loc":{"start":{"line":6,"column":36},"end":{"line":39,"column":1}},"line":6},"1":{"name":"(anonymous_1)","decl":{"start":{"line":11,"column":26},"end":{"line":11,"column":27}},"loc":{"start":{"line":11,"column":32},"end":{"line":13,"column":3}},"line":11},"2":{"name":"(anonymous_2)","decl":{"start":{"line":15,"column":12},"end":{"line":15,"column":13}},"loc":{"start":{"line":15,"column":18},"end":{"line":24,"column":3}},"line":15},"3":{"name":"(anonymous_3)","decl":{"start":{"line":17,"column":13},"end":{"line":17,"column":14}},"loc":{"start":{"line":17,"column":27},"end":{"line":20,"column":7}},"line":17},"4":{"name":"(anonymous_4)","decl":{"start":{"line":18,"column":49},"end":{"line":18,"column":50}},"loc":{"start":{"line":18,"column":59},"end":{"line":18,"column":88}},"line":18},"5":{"name":"(anonymous_5)","decl":{"start":{"line":21,"column":13},"end":{"line":21,"column":14}},"loc":{"start":{"line":21,"column":22},"end":{"line":23,"column":7}},"line":21},"6":{"name":"(anonymous_6)","decl":{"start":{"line":26,"column":12},"end":{"line":26,"column":13}},"loc":{"start":{"line":26,"column":18},"end":{"line":28,"column":3}},"line":26},"7":{"name":"(anonymous_7)","decl":{"start":{"line":32,"column":47},"end":{"line":32,"column":48}},"loc":{"start":{"line":33,"column":8},"end":{"line":33,"column":57}},"line":33}},"branchMap":{"0":{"loc":{"start":{"line":35,"column":7},"end":{"line":35,"column":133}},"type":"cond-expr","locations":[{"start":{"line":35,"column":30},"end":{"line":35,"column":126}},{"start":{"line":35,"column":129},"end":{"line":35,"column":133}}],"line":35}},"s":{"0":4,"1":4,"2":4,"3":4,"4":0,"5":4,"6":2,"7":0,"8":0,"9":0,"10":4,"11":2,"12":4,"13":0},"f":{"0":4,"1":0,"2":2,"3":0,"4":0,"5":0,"6":2,"7":0},"b":{"0":[0,4]},"_coverageSchema":"1a1c01bbd47fc00a2c39e90264f33305004495a9","hash":"53669c7bced9093a63118c648b1b07480d9b2f5b"}
,"/home/james/SeniorPhaseHR/Project-Atelier/src/components/question-answers/MoreAnsweredQuestions.jsx": {"path":"/home/james/SeniorPhaseHR/Project-Atelier/src/components/question-answers/MoreAnsweredQuestions.jsx","statementMap":{"0":{"start":{"line":5,"column":2},"end":{"line":9,"column":4}}},"fnMap":{"0":{"name":"MoreAnsweredQuestions","decl":{"start":{"line":4,"column":9},"end":{"line":4,"column":30}},"loc":{"start":{"line":4,"column":54},"end":{"line":10,"column":1}},"line":4}},"branchMap":{},"s":{"0":1},"f":{"0":1},"b":{},"_coverageSchema":"1a1c01bbd47fc00a2c39e90264f33305004495a9","hash":"f6742ebe97f7849c3b5b87183ee6b1d4e35849a1"}
,"/home/james/SeniorPhaseHR/Project-Atelier/src/components/question-answers/Question.jsx": {"path":"/home/james/SeniorPhaseHR/Project-Atelier/src/components/question-answers/Question.jsx","statementMap":{"0":{"start":{"line":8,"column":48},"end":{"line":8,"column":63}},"1":{"start":{"line":9,"column":42},"end":{"line":9,"column":81}},"2":{"start":{"line":11,"column":2},"end":{"line":16,"column":29}},"3":{"start":{"line":12,"column":28},"end":{"line":12,"column":91}},"4":{"start":{"line":13,"column":4},"end":{"line":15,"column":5}},"5":{"start":{"line":14,"column":6},"end":{"line":14,"column":31}},"6":{"start":{"line":18,"column":24},"end":{"line":21,"column":3}},"7":{"start":{"line":19,"column":4},"end":{"line":19,"column":29}},"8":{"start":{"line":20,"column":4},"end":{"line":20,"column":76}},"9":{"start":{"line":23,"column":32},"end":{"line":35,"column":3}},"10":{"start":{"line":24,"column":4},"end":{"line":34,"column":5}},"11":{"start":{"line":25,"column":6},"end":{"line":31,"column":11}},"12":{"start":{"line":27,"column":10},"end":{"line":27,"column":44}},"13":{"start":{"line":30,"column":10},"end":{"line":30,"column":27}},"14":{"start":{"line":33,"column":6},"end":{"line":33,"column":22}},"15":{"start":{"line":37,"column":2},"end":{"line":55,"column":4}}},"fnMap":{"0":{"name":"Question","decl":{"start":{"line":7,"column":9},"end":{"line":7,"column":17}},"loc":{"start":{"line":7,"column":56},"end":{"line":56,"column":1}},"line":7},"1":{"name":"(anonymous_1)","decl":{"start":{"line":11,"column":12},"end":{"line":11,"column":13}},"loc":{"start":{"line":11,"column":18},"end":{"line":16,"column":3}},"line":11},"2":{"name":"(anonymous_2)","decl":{"start":{"line":18,"column":24},"end":{"line":18,"column":25}},"loc":{"start":{"line":18,"column":30},"end":{"line":21,"column":3}},"line":18},"3":{"name":"(anonymous_3)","decl":{"start":{"line":23,"column":32},"end":{"line":23,"column":33}},"loc":{"start":{"line":23,"column":38},"end":{"line":35,"column":3}},"line":23},"4":{"name":"(anonymous_4)","decl":{"start":{"line":26,"column":14},"end":{"line":26,"column":15}},"loc":{"start":{"line":26,"column":20},"end":{"line":28,"column":9}},"line":26},"5":{"name":"(anonymous_5)","decl":{"start":{"line":29,"column":15},"end":{"line":29,"column":16}},"loc":{"start":{"line":29,"column":24},"end":{"line":31,"column":9}},"line":29}},"branchMap":{"0":{"loc":{"start":{"line":13,"column":4},"end":{"line":15,"column":5}},"type":"if","locations":[{"start":{"line":13,"column":4},"end":{"line":15,"column":5}},{"start":{},"end":{}}],"line":13},"1":{"loc":{"start":{"line":24,"column":4},"end":{"line":34,"column":5}},"type":"if","locations":[{"start":{"line":24,"column":4},"end":{"line":34,"column":5}},{"start":{},"end":{}}],"line":24}},"s":{"0":1,"1":1,"2":1,"3":1,"4":1,"5":0,"6":1,"7":0,"8":0,"9":1,"10":0,"11":0,"12":0,"13":0,"14":0,"15":1},"f":{"0":1,"1":1,"2":0,"3":0,"4":0,"5":0},"b":{"0":[0,1],"1":[0,0]},"_coverageSchema":"1a1c01bbd47fc00a2c39e90264f33305004495a9","hash":"3c4661db6da644743c4b8be830f91566a360cdbc"}
,"/home/james/SeniorPhaseHR/Project-Atelier/src/components/question-answers/QuestionAnswers.jsx": {"path":"/home/james/SeniorPhaseHR/Project-Atelier/src/components/question-answers/QuestionAnswers.jsx","statementMap":{"0":{"start":{"line":10,"column":42},"end":{"line":10,"column":54}},"1":{"start":{"line":11,"column":58},"end":{"line":11,"column":70}},"2":{"start":{"line":12,"column":50},"end":{"line":12,"column":61}},"3":{"start":{"line":13,"column":54},"end":{"line":13,"column":65}},"4":{"start":{"line":15,"column":2},"end":{"line":24,"column":18}},"5":{"start":{"line":16,"column":4},"end":{"line":23,"column":9}},"6":{"start":{"line":18,"column":8},"end":{"line":18,"column":60}},"7":{"start":{"line":19,"column":8},"end":{"line":19,"column":111}},"8":{"start":{"line":19,"column":61},"end":{"line":19,"column":108}},"9":{"start":{"line":22,"column":8},"end":{"line":22,"column":34}},"10":{"start":{"line":26,"column":2},"end":{"line":28,"column":39}},"11":{"start":{"line":27,"column":4},"end":{"line":27,"column":66}},"12":{"start":{"line":30,"column":31},"end":{"line":40,"column":3}},"13":{"start":{"line":31,"column":4},"end":{"line":31,"column":27}},"14":{"start":{"line":34,"column":4},"end":{"line":39,"column":5}},"15":{"start":{"line":35,"column":32},"end":{"line":35,"column":136}},"16":{"start":{"line":35,"column":59},"end":{"line":35,"column":135}},"17":{"start":{"line":36,"column":6},"end":{"line":36,"column":49}},"18":{"start":{"line":38,"column":6},"end":{"line":38,"column":34}},"19":{"start":{"line":42,"column":28},"end":{"line":45,"column":3}},"20":{"start":{"line":43,"column":4},"end":{"line":43,"column":45}},"21":{"start":{"line":44,"column":4},"end":{"line":44,"column":46}},"22":{"start":{"line":47,"column":2},"end":{"line":70,"column":4}},"23":{"start":{"line":56,"column":16},"end":{"line":56,"column":123}},"24":{"start":{"line":59,"column":16},"end":{"line":59,"column":123}}},"fnMap":{"0":{"name":"QuestionAnswers","decl":{"start":{"line":9,"column":9},"end":{"line":9,"column":24}},"loc":{"start":{"line":9,"column":53},"end":{"line":71,"column":1}},"line":9},"1":{"name":"(anonymous_1)","decl":{"start":{"line":15,"column":12},"end":{"line":15,"column":13}},"loc":{"start":{"line":15,"column":18},"end":{"line":24,"column":3}},"line":15},"2":{"name":"(anonymous_2)","decl":{"start":{"line":17,"column":12},"end":{"line":17,"column":13}},"loc":{"start":{"line":17,"column":26},"end":{"line":20,"column":7}},"line":17},"3":{"name":"(anonymous_3)","decl":{"start":{"line":19,"column":51},"end":{"line":19,"column":52}},"loc":{"start":{"line":19,"column":61},"end":{"line":19,"column":108}},"line":19},"4":{"name":"(anonymous_4)","decl":{"start":{"line":21,"column":13},"end":{"line":21,"column":14}},"loc":{"start":{"line":21,"column":22},"end":{"line":23,"column":7}},"line":21},"5":{"name":"(anonymous_5)","decl":{"start":{"line":26,"column":12},"end":{"line":26,"column":13}},"loc":{"start":{"line":26,"column":18},"end":{"line":28,"column":3}},"line":26},"6":{"name":"(anonymous_6)","decl":{"start":{"line":30,"column":31},"end":{"line":30,"column":32}},"loc":{"start":{"line":30,"column":55},"end":{"line":40,"column":3}},"line":30},"7":{"name":"(anonymous_7)","decl":{"start":{"line":35,"column":52},"end":{"line":35,"column":53}},"loc":{"start":{"line":35,"column":59},"end":{"line":35,"column":135}},"line":35},"8":{"name":"(anonymous_8)","decl":{"start":{"line":42,"column":28},"end":{"line":42,"column":29}},"loc":{"start":{"line":42,"column":34},"end":{"line":45,"column":3}},"line":42},"9":{"name":"(anonymous_9)","decl":{"start":{"line":55,"column":68},"end":{"line":55,"column":69}},"loc":{"start":{"line":56,"column":16},"end":{"line":56,"column":123}},"line":56},"10":{"name":"(anonymous_10)","decl":{"start":{"line":58,"column":60},"end":{"line":58,"column":61}},"loc":{"start":{"line":59,"column":16},"end":{"line":59,"column":123}},"line":59}},"branchMap":{"0":{"loc":{"start":{"line":34,"column":4},"end":{"line":39,"column":5}},"type":"if","locations":[{"start":{"line":34,"column":4},"end":{"line":39,"column":5}},{"start":{"line":37,"column":11},"end":{"line":39,"column":5}}],"line":34},"1":{"loc":{"start":{"line":51,"column":7},"end":{"line":68,"column":73}},"type":"cond-expr","locations":[{"start":{"line":53,"column":10},"end":{"line":66,"column":16}},{"start":{"line":68,"column":10},"end":{"line":68,"column":73}}],"line":51},"2":{"loc":{"start":{"line":54,"column":13},"end":{"line":60,"column":16}},"type":"cond-expr","locations":[{"start":{"line":55,"column":16},"end":{"line":57,"column":16}},{"start":{"line":58,"column":16},"end":{"line":60,"column":16}}],"line":54},"3":{"loc":{"start":{"line":62,"column":15},"end":{"line":62,"column":110}},"type":"cond-expr","locations":[{"start":{"line":62,"column":40},"end":{"line":62,"column":103}},{"start":{"line":62,"column":106},"end":{"line":62,"column":110}}],"line":62}},"s":{"0":2,"1":2,"2":2,"3":2,"4":2,"5":1,"6":0,"7":0,"8":0,"9":0,"10":2,"11":1,"12":2,"13":0,"14":0,"15":0,"16":0,"17":0,"18":0,"19":2,"20":0,"21":0,"22":2,"23":0,"24":0},"f":{"0":2,"1":1,"2":0,"3":0,"4":0,"5":1,"6":0,"7":0,"8":0,"9":0,"10":0},"b":{"0":[0,0],"1":[0,2],"2":[0,0],"3":[0,0]},"_coverageSchema":"1a1c01bbd47fc00a2c39e90264f33305004495a9","hash":"1d221ca68d057721e067fcb6aef82beca8ed8a0f"}
,"/home/james/SeniorPhaseHR/Project-Atelier/src/components/question-answers/SearchQuestion.jsx": {"path":"/home/james/SeniorPhaseHR/Project-Atelier/src/components/question-answers/SearchQuestion.jsx","statementMap":{"0":{"start":{"line":5,"column":40},"end":{"line":5,"column":52}},"1":{"start":{"line":7,"column":2},"end":{"line":14,"column":4}},"2":{"start":{"line":9,"column":29},"end":{"line":9,"column":65}},"3":{"start":{"line":11,"column":61},"end":{"line":11,"column":91}}},"fnMap":{"0":{"name":"SearchQuestion","decl":{"start":{"line":4,"column":9},"end":{"line":4,"column":23}},"loc":{"start":{"line":4,"column":50},"end":{"line":15,"column":1}},"line":4},"1":{"name":"(anonymous_1)","decl":{"start":{"line":9,"column":22},"end":{"line":9,"column":23}},"loc":{"start":{"line":9,"column":29},"end":{"line":9,"column":65}},"line":9},"2":{"name":"(anonymous_2)","decl":{"start":{"line":11,"column":54},"end":{"line":11,"column":55}},"loc":{"start":{"line":11,"column":61},"end":{"line":11,"column":91}},"line":11}},"branchMap":{},"s":{"0":4,"1":4,"2":0,"3":0},"f":{"0":4,"1":0,"2":0},"b":{},"_coverageSchema":"1a1c01bbd47fc00a2c39e90264f33305004495a9","hash":"ee98dd9fe151bd1937b96bc2fcbbc801d67df85d"}
,"/home/james/SeniorPhaseHR/Project-Atelier/src/components/rating-reviews/controllers/getRatings.jsx": {"path":"/home/james/SeniorPhaseHR/Project-Atelier/src/components/rating-reviews/controllers/getRatings.jsx","statementMap":{"0":{"start":{"line":6,"column":20},"end":{"line":64,"column":1}},"1":{"start":{"line":7,"column":21},"end":{"line":17,"column":3}},"2":{"start":{"line":8,"column":14},"end":{"line":8,"column":15}},"3":{"start":{"line":9,"column":4},"end":{"line":16,"column":7}},"4":{"start":{"line":10,"column":6},"end":{"line":10,"column":15}},"5":{"start":{"line":11,"column":6},"end":{"line":15,"column":8}},"6":{"start":{"line":18,"column":23},"end":{"line":28,"column":3}},"7":{"start":{"line":19,"column":14},"end":{"line":19,"column":15}},"8":{"start":{"line":20,"column":4},"end":{"line":27,"column":7}},"9":{"start":{"line":21,"column":6},"end":{"line":21,"column":15}},"10":{"start":{"line":22,"column":6},"end":{"line":26,"column":8}},"11":{"start":{"line":29,"column":22},"end":{"line":52,"column":3}},"12":{"start":{"line":31,"column":4},"end":{"line":33,"column":5}},"13":{"start":{"line":32,"column":6},"end":{"line":32,"column":18}},"14":{"start":{"line":35,"column":18},"end":{"line":35,"column":68}},"15":{"start":{"line":36,"column":4},"end":{"line":51,"column":6}},"16":{"start":{"line":54,"column":2},"end":{"line":63,"column":4}},"17":{"start":{"line":67,"column":2},"end":{"line":96,"column":7}},"18":{"start":{"line":69,"column":23},"end":{"line":69,"column":31}},"19":{"start":{"line":71,"column":26},"end":{"line":71,"column":34}},"20":{"start":{"line":72,"column":39},"end":{"line":72,"column":45}},"21":{"start":{"line":73,"column":6},"end":{"line":76,"column":9}},"22":{"start":{"line":74,"column":8},"end":{"line":74,"column":57}},"23":{"start":{"line":75,"column":8},"end":{"line":75,"column":45}},"24":{"start":{"line":77,"column":25},"end":{"line":77,"column":74}},"25":{"start":{"line":79,"column":26},"end":{"line":79,"column":28}},"26":{"start":{"line":80,"column":6},"end":{"line":80,"column":57}},"27":{"start":{"line":81,"column":6},"end":{"line":81,"column":53}},"28":{"start":{"line":82,"column":6},"end":{"line":82,"column":73}},"29":{"start":{"line":83,"column":6},"end":{"line":83,"column":41}},"30":{"start":{"line":84,"column":6},"end":{"line":84,"column":25}},"31":{"start":{"line":86,"column":25},"end":{"line":86,"column":27}},"32":{"start":{"line":87,"column":6},"end":{"line":87,"column":38}},"33":{"start":{"line":88,"column":6},"end":{"line":88,"column":36}},"34":{"start":{"line":89,"column":6},"end":{"line":93,"column":8}},"35":{"start":{"line":94,"column":6},"end":{"line":94,"column":34}},"36":{"start":{"line":95,"column":6},"end":{"line":95,"column":24}}},"fnMap":{"0":{"name":"(anonymous_0)","decl":{"start":{"line":6,"column":20},"end":{"line":6,"column":21}},"loc":{"start":{"line":6,"column":46},"end":{"line":64,"column":1}},"line":6},"1":{"name":"(anonymous_1)","decl":{"start":{"line":7,"column":21},"end":{"line":7,"column":22}},"loc":{"start":{"line":7,"column":28},"end":{"line":17,"column":3}},"line":7},"2":{"name":"(anonymous_2)","decl":{"start":{"line":9,"column":35},"end":{"line":9,"column":36}},"loc":{"start":{"line":9,"column":41},"end":{"line":16,"column":5}},"line":9},"3":{"name":"(anonymous_3)","decl":{"start":{"line":18,"column":23},"end":{"line":18,"column":24}},"loc":{"start":{"line":18,"column":30},"end":{"line":28,"column":3}},"line":18},"4":{"name":"(anonymous_4)","decl":{"start":{"line":20,"column":35},"end":{"line":20,"column":36}},"loc":{"start":{"line":20,"column":41},"end":{"line":27,"column":5}},"line":20},"5":{"name":"(anonymous_5)","decl":{"start":{"line":29,"column":22},"end":{"line":29,"column":23}},"loc":{"start":{"line":29,"column":35},"end":{"line":52,"column":3}},"line":29},"6":{"name":"getRatings","decl":{"start":{"line":66,"column":9},"end":{"line":66,"column":19}},"loc":{"start":{"line":66,"column":41},"end":{"line":97,"column":1}},"line":66},"7":{"name":"(anonymous_7)","decl":{"start":{"line":68,"column":10},"end":{"line":68,"column":11}},"loc":{"start":{"line":68,"column":19},"end":{"line":85,"column":5}},"line":68},"8":{"name":"(anonymous_8)","decl":{"start":{"line":73,"column":35},"end":{"line":73,"column":36}},"loc":{"start":{"line":73,"column":44},"end":{"line":76,"column":7}},"line":73},"9":{"name":"(anonymous_9)","decl":{"start":{"line":85,"column":13},"end":{"line":85,"column":14}},"loc":{"start":{"line":85,"column":19},"end":{"line":96,"column":5}},"line":85}},"branchMap":{"0":{"loc":{"start":{"line":31,"column":4},"end":{"line":33,"column":5}},"type":"if","locations":[{"start":{"line":31,"column":4},"end":{"line":33,"column":5}},{"start":{},"end":{}}],"line":31},"1":{"loc":{"start":{"line":56,"column":26},"end":{"line":56,"column":56}},"type":"cond-expr","locations":[{"start":{"line":56,"column":37},"end":{"line":56,"column":51}},{"start":{"line":56,"column":54},"end":{"line":56,"column":56}}],"line":56},"2":{"loc":{"start":{"line":90,"column":34},"end":{"line":90,"column":64}},"type":"cond-expr","locations":[{"start":{"line":90,"column":45},"end":{"line":90,"column":59}},{"start":{"line":90,"column":62},"end":{"line":90,"column":64}}],"line":90}},"s":{"0":1,"1":1,"2":1,"3":1,"4":2,"5":2,"6":1,"7":1,"8":1,"9":2,"10":2,"11":1,"12":1,"13":0,"14":1,"15":1,"16":1,"17":0,"18":0,"19":0,"20":0,"21":0,"22":0,"23":0,"24":0,"25":0,"26":0,"27":0,"28":0,"29":0,"30":0,"31":0,"32":0,"33":0,"34":0,"35":0,"36":0},"f":{"0":1,"1":1,"2":2,"3":1,"4":2,"5":1,"6":0,"7":0,"8":0,"9":0},"b":{"0":[0,1],"1":[1,0],"2":[0,0]},"_coverageSchema":"1a1c01bbd47fc00a2c39e90264f33305004495a9","hash":"8f3d621245f137affce872887924d8456d24f7a7"}
,"/home/james/SeniorPhaseHR/Project-Atelier/src/components/rating-reviews/models/reviewsModels.js": {"path":"/home/james/SeniorPhaseHR/Project-Atelier/src/components/rating-reviews/models/reviewsModels.js","statementMap":{"0":{"start":{"line":3,"column":28},"end":{"line":3,"column":98}},"1":{"start":{"line":3,"column":43},"end":{"line":3,"column":98}},"2":{"start":{"line":5,"column":20},"end":{"line":7,"column":1}},"3":{"start":{"line":6,"column":2},"end":{"line":6,"column":93}},"4":{"start":{"line":9,"column":34},"end":{"line":11,"column":1}},"5":{"start":{"line":10,"column":2},"end":{"line":10,"column":58}},"6":{"start":{"line":13,"column":20},"end":{"line":15,"column":1}},"7":{"start":{"line":14,"column":2},"end":{"line":14,"column":44}},"8":{"start":{"line":17,"column":19},"end":{"line":19,"column":1}},"9":{"start":{"line":18,"column":2},"end":{"line":18,"column":47}}},"fnMap":{"0":{"name":"(anonymous_0)","decl":{"start":{"line":3,"column":28},"end":{"line":3,"column":29}},"loc":{"start":{"line":3,"column":43},"end":{"line":3,"column":98}},"line":3},"1":{"name":"(anonymous_1)","decl":{"start":{"line":5,"column":20},"end":{"line":5,"column":21}},"loc":{"start":{"line":6,"column":2},"end":{"line":6,"column":93}},"line":6},"2":{"name":"(anonymous_2)","decl":{"start":{"line":9,"column":34},"end":{"line":9,"column":35}},"loc":{"start":{"line":10,"column":2},"end":{"line":10,"column":58}},"line":10},"3":{"name":"(anonymous_3)","decl":{"start":{"line":13,"column":20},"end":{"line":13,"column":21}},"loc":{"start":{"line":14,"column":2},"end":{"line":14,"column":44}},"line":14},"4":{"name":"(anonymous_4)","decl":{"start":{"line":17,"column":19},"end":{"line":17,"column":20}},"loc":{"start":{"line":18,"column":2},"end":{"line":18,"column":47}},"line":18}},"branchMap":{},"s":{"0":1,"1":0,"2":1,"3":0,"4":1,"5":0,"6":1,"7":0,"8":1,"9":0},"f":{"0":0,"1":0,"2":0,"3":0,"4":0},"b":{},"_coverageSchema":"1a1c01bbd47fc00a2c39e90264f33305004495a9","hash":"b8a8ac66a2047ff4205cf5d4b4918695a2b42e8c"}
,"/home/james/SeniorPhaseHR/Project-Atelier/src/components/related-products/RelatedCard.jsx": {"path":"/home/james/SeniorPhaseHR/Project-Atelier/src/components/related-products/RelatedCard.jsx","statementMap":{"0":{"start":{"line":10,"column":2},"end":{"line":60,"column":4}},"1":{"start":{"line":18,"column":8},"end":{"line":20,"column":9}},"2":{"start":{"line":19,"column":10},"end":{"line":19,"column":46}},"3":{"start":{"line":22,"column":23},"end":{"line":22,"column":59}},"4":{"start":{"line":36,"column":12},"end":{"line":36,"column":32}},"5":{"start":{"line":37,"column":12},"end":{"line":37,"column":41}}},"fnMap":{"0":{"name":"RelatedCard","decl":{"start":{"line":5,"column":9},"end":{"line":5,"column":20}},"loc":{"start":{"line":7,"column":3},"end":{"line":61,"column":1}},"line":7},"1":{"name":"(anonymous_1)","decl":{"start":{"line":17,"column":18},"end":{"line":17,"column":19}},"loc":{"start":{"line":17,"column":25},"end":{"line":21,"column":7}},"line":17},"2":{"name":"(anonymous_2)","decl":{"start":{"line":22,"column":15},"end":{"line":22,"column":16}},"loc":{"start":{"line":22,"column":21},"end":{"line":22,"column":61}},"line":22},"3":{"name":"(anonymous_3)","decl":{"start":{"line":35,"column":19},"end":{"line":35,"column":20}},"loc":{"start":{"line":35,"column":26},"end":{"line":38,"column":11}},"line":35}},"branchMap":{"0":{"loc":{"start":{"line":18,"column":8},"end":{"line":20,"column":9}},"type":"if","locations":[{"start":{"line":18,"column":8},"end":{"line":20,"column":9}},{"start":{},"end":{}}],"line":18},"1":{"loc":{"start":{"line":28,"column":15},"end":{"line":28,"column":116}},"type":"cond-expr","locations":[{"start":{"line":28,"column":23},"end":{"line":28,"column":28}},{"start":{"line":28,"column":31},"end":{"line":28,"column":116}}],"line":28},"2":{"loc":{"start":{"line":33,"column":22},"end":{"line":33,"column":89}},"type":"cond-expr","locations":[{"start":{"line":33,"column":52},"end":{"line":33,"column":70}},{"start":{"line":33,"column":73},"end":{"line":33,"column":89}}],"line":33}},"s":{"0":1,"1":0,"2":0,"3":0,"4":0,"5":0},"f":{"0":1,"1":0,"2":0,"3":0},"b":{"0":[0,0],"1":[0,1],"2":[0,1]},"_coverageSchema":"1a1c01bbd47fc00a2c39e90264f33305004495a9","hash":"c1573d1f75af094bb4c599dc2225dcd11ecc6dd6"}
}
