TN:
SF:src/components/overview/HeroModal.jsx
FN:5,HeroModal
FN:8,(anonymous_1)
FNF:2
FNH:1
FNDA:1,HeroModal
FNDA:0,(anonymous_1)
DA:6,1
DA:8,1
DA:9,0
DA:12,1
DA:13,0
DA:15,1
DA:18,1
LF:7
LH:5
BRDA:12,0,0,0
BRDA:12,0,1,1
BRDA:23,1,0,1
BRDA:23,1,1,0
BRDA:27,2,0,0
BRDA:27,2,1,0
BRF:6
BRH:2
end_of_record
TN:
SF:src/components/overview/ImageGallery.jsx
FN:5,ImageGallery
FN:6,(anonymous_1)
FN:16,(anonymous_2)
FN:21,(anonymous_3)
FNF:4
FNH:2
FNDA:1,ImageGallery
FNDA:0,(anonymous_1)
FNDA:2,(anonymous_2)
FNDA:0,(anonymous_3)
DA:6,1
DA:7,0
DA:8,0
DA:11,1
DA:17,2
DA:21,0
LF:6
LH:3
BRDA:13,0,0,1
BRDA:13,0,1,0
BRDA:16,1,0,1
BRDA:16,1,1,1
BRF:4
BRH:3
end_of_record
TN:
SF:src/components/question-answers/AddAnswer.jsx
FN:6,AddAnswer
FN:28,(anonymous_1)
FN:32,(anonymous_2)
FN:37,(anonymous_3)
FN:42,(anonymous_4)
FN:55,(anonymous_5)
FN:62,(anonymous_6)
FN:74,(anonymous_7)
FN:79,(anonymous_8)
FN:86,(anonymous_9)
FN:96,(anonymous_10)
FN:104,(anonymous_11)
FN:116,(anonymous_12)
FN:131,(anonymous_13)
FN:152,(anonymous_14)
FN:155,(anonymous_15)
FNF:16
FNH:1
FNDA:2,AddAnswer
FNDA:0,(anonymous_1)
FNDA:0,(anonymous_2)
FNDA:0,(anonymous_3)
FNDA:0,(anonymous_4)
FNDA:0,(anonymous_5)
FNDA:0,(anonymous_6)
FNDA:0,(anonymous_7)
FNDA:0,(anonymous_8)
FNDA:0,(anonymous_9)
FNDA:0,(anonymous_10)
FNDA:0,(anonymous_11)
FNDA:0,(anonymous_12)
FNDA:0,(anonymous_13)
FNDA:0,(anonymous_14)
FNDA:0,(anonymous_15)
DA:7,2
DA:9,2
DA:10,2
DA:11,2
DA:12,2
DA:13,2
DA:14,2
DA:28,2
DA:29,0
DA:32,2
DA:33,0
DA:37,2
DA:38,0
DA:39,0
DA:42,2
DA:43,0
DA:44,0
DA:47,0
DA:48,0
DA:49,0
DA:50,0
DA:51,0
DA:55,2
DA:56,0
DA:57,0
DA:58,0
DA:59,0
DA:62,2
DA:63,0
DA:65,0
DA:66,0
DA:67,0
DA:68,0
DA:69,0
DA:70,0
DA:72,0
DA:73,0
DA:74,0
DA:75,0
DA:76,0
DA:80,0
DA:81,0
DA:82,0
DA:83,0
DA:84,0
DA:87,0
DA:92,2
DA:96,0
DA:104,0
DA:116,0
DA:131,0
DA:153,0
DA:155,0
LF:53
LH:14
BRDA:47,0,0,0
BRDA:47,0,1,0
BRDA:47,1,0,0
BRDA:47,1,1,0
BRDA:65,2,0,0
BRDA:65,2,1,0
BRDA:67,3,0,0
BRDA:67,3,1,0
BRDA:69,4,0,0
BRDA:69,4,1,0
BRF:10
BRH:0
end_of_record
TN:
SF:src/components/question-answers/AddAnswerModal.jsx
FN:5,AddAnswerModal
FNF:1
FNH:1
FNDA:2,AddAnswerModal
DA:8,2
DA:12,2
DA:26,2
LF:3
LH:3
BRDA:26,0,0,0
BRDA:26,0,1,2
BRF:2
BRH:1
end_of_record
TN:
SF:src/components/question-answers/AddQuestion.jsx
FN:6,AddQuestion
FN:15,(anonymous_1)
FN:17,(anonymous_2)
FN:21,(anonymous_3)
FN:26,(anonymous_4)
FN:31,(anonymous_5)
FN:36,(anonymous_6)
FN:50,(anonymous_7)
FN:54,(anonymous_8)
FN:61,(anonymous_9)
FN:70,(anonymous_10)
FN:78,(anonymous_11)
FN:90,(anonymous_12)
FN:105,(anonymous_13)
FNF:14
FNH:2
FNDA:3,AddQuestion
FNDA:2,(anonymous_1)
FNDA:0,(anonymous_2)
FNDA:0,(anonymous_3)
FNDA:0,(anonymous_4)
FNDA:0,(anonymous_5)
FNDA:0,(anonymous_6)
FNDA:0,(anonymous_7)
FNDA:0,(anonymous_8)
FNDA:0,(anonymous_9)
FNDA:0,(anonymous_10)
FNDA:0,(anonymous_11)
FNDA:0,(anonymous_12)
FNDA:0,(anonymous_13)
DA:7,3
DA:8,3
DA:9,3
DA:10,3
DA:11,3
DA:12,3
DA:15,3
DA:16,2
DA:19,0
DA:22,0
DA:26,3
DA:27,0
DA:28,0
DA:31,3
DA:32,0
DA:33,0
DA:36,3
DA:37,0
DA:39,0
DA:40,0
DA:41,0
DA:42,0
DA:43,0
DA:44,0
DA:46,0
DA:47,0
DA:51,0
DA:52,0
DA:55,0
DA:61,3
DA:62,0
DA:63,0
DA:66,3
DA:70,0
DA:78,0
DA:90,0
DA:105,0
LF:37
LH:13
BRDA:39,0,0,0
BRDA:39,0,1,0
BRDA:41,1,0,0
BRDA:41,1,1,0
BRDA:43,2,0,0
BRDA:43,2,1,0
BRDA:116,3,0,3
BRDA:116,3,1,0
BRF:8
BRH:1
end_of_record
TN:
SF:src/components/question-answers/AddQuestionModal.jsx
FN:5,AddQuestionModal
FNF:1
FNH:1
FNDA:3,AddQuestionModal
DA:8,3
DA:11,3
DA:23,3
LF:3
LH:3
BRDA:23,0,0,0
BRDA:23,0,1,3
BRF:2
BRH:1
end_of_record
TN:
SF:src/components/question-answers/Answer.jsx
FN:6,Answer
FN:13,(anonymous_1)
FN:20,(anonymous_2)
FN:27,(anonymous_3)
FN:32,(anonymous_4)
FN:35,(anonymous_5)
FN:38,(anonymous_6)
FN:46,(anonymous_7)
FN:51,(anonymous_8)
FN:53,(anonymous_9)
FNF:10
FNH:3
FNDA:1,Answer
FNDA:1,(anonymous_1)
FNDA:1,(anonymous_2)
FNDA:0,(anonymous_3)
FNDA:0,(anonymous_4)
FNDA:0,(anonymous_5)
FNDA:0,(anonymous_6)
FNDA:0,(anonymous_7)
FNDA:0,(anonymous_8)
FNDA:0,(anonymous_9)
DA:9,1
DA:10,1
DA:11,1
DA:13,1
DA:14,1
DA:15,1
DA:16,0
DA:20,1
DA:21,1
DA:22,1
DA:23,0
DA:27,1
DA:28,0
DA:29,0
DA:32,1
DA:33,0
DA:34,0
DA:36,0
DA:39,0
DA:42,0
DA:46,1
DA:47,0
DA:48,0
DA:51,1
DA:52,0
DA:54,0
DA:56,0
DA:59,1
LF:28
LH:14
BRDA:15,0,0,0
BRDA:15,0,1,1
BRDA:22,1,0,0
BRDA:22,1,1,1
BRDA:33,2,0,0
BRDA:33,2,1,0
BRDA:70,3,0,0
BRDA:70,3,1,1
BRDA:83,4,0,0
BRDA:83,4,1,1
BRF:10
BRH:4
end_of_record
TN:
SF:src/components/question-answers/AnswerList.jsx
FN:6,AnswerList
FN:11,(anonymous_1)
FN:15,(anonymous_2)
FN:17,(anonymous_3)
FN:18,(anonymous_4)
FN:21,(anonymous_5)
FN:26,(anonymous_6)
FN:32,(anonymous_7)
FNF:8
FNH:3
FNDA:4,AnswerList
FNDA:0,(anonymous_1)
FNDA:2,(anonymous_2)
FNDA:0,(anonymous_3)
FNDA:0,(anonymous_4)
FNDA:0,(anonymous_5)
FNDA:2,(anonymous_6)
FNDA:0,(anonymous_7)
DA:7,4
DA:8,4
DA:9,4
DA:11,4
DA:12,0
DA:15,4
DA:16,2
DA:18,0
DA:22,0
DA:26,4
DA:27,2
DA:30,4
DA:33,0
LF:13
LH:9
BRDA:35,0,0,0
BRDA:35,0,1,4
BRF:2
BRH:1
end_of_record
TN:
SF:src/components/question-answers/MoreAnsweredQuestions.jsx
FN:4,MoreAnsweredQuestions
FNF:1
FNH:1
FNDA:1,MoreAnsweredQuestions
DA:5,1
LF:1
LH:1
BRF:0
BRH:0
end_of_record
TN:
SF:src/components/question-answers/Question.jsx
FN:7,Question
FN:11,(anonymous_1)
FN:18,(anonymous_2)
FN:23,(anonymous_3)
FN:26,(anonymous_4)
FN:29,(anonymous_5)
FNF:6
FNH:2
FNDA:1,Question
FNDA:1,(anonymous_1)
FNDA:0,(anonymous_2)
FNDA:0,(anonymous_3)
FNDA:0,(anonymous_4)
FNDA:0,(anonymous_5)
DA:8,1
DA:9,1
DA:11,1
DA:12,1
DA:13,1
DA:14,0
DA:18,1
DA:19,0
DA:20,0
DA:23,1
DA:24,0
DA:25,0
DA:27,0
DA:30,0
DA:33,0
DA:37,1
LF:16
LH:8
BRDA:13,0,0,0
BRDA:13,0,1,1
BRDA:24,1,0,0
BRDA:24,1,1,0
BRF:4
BRH:1
end_of_record
TN:
SF:src/components/question-answers/QuestionAnswers.jsx
FN:9,QuestionAnswers
FN:15,(anonymous_1)
FN:17,(anonymous_2)
FN:19,(anonymous_3)
FN:21,(anonymous_4)
FN:26,(anonymous_5)
FN:30,(anonymous_6)
FN:35,(anonymous_7)
FN:42,(anonymous_8)
FN:55,(anonymous_9)
FN:58,(anonymous_10)
FNF:11
FNH:3
FNDA:2,QuestionAnswers
FNDA:1,(anonymous_1)
FNDA:0,(anonymous_2)
FNDA:0,(anonymous_3)
FNDA:0,(anonymous_4)
FNDA:1,(anonymous_5)
FNDA:0,(anonymous_6)
FNDA:0,(anonymous_7)
FNDA:0,(anonymous_8)
FNDA:0,(anonymous_9)
FNDA:0,(anonymous_10)
DA:10,2
DA:11,2
DA:12,2
DA:13,2
DA:15,2
DA:16,1
DA:18,0
DA:19,0
DA:22,0
DA:26,2
DA:27,1
DA:30,2
DA:31,0
DA:34,0
DA:35,0
DA:36,0
DA:38,0
DA:42,2
DA:43,0
DA:44,0
DA:47,2
DA:56,0
DA:59,0
LF:23
LH:11
BRDA:34,0,0,0
BRDA:34,0,1,0
BRDA:51,1,0,0
BRDA:51,1,1,2
BRDA:54,2,0,0
BRDA:54,2,1,0
BRDA:62,3,0,0
BRDA:62,3,1,0
BRF:8
BRH:1
end_of_record
TN:
SF:src/components/question-answers/SearchQuestion.jsx
FN:4,SearchQuestion
FN:9,(anonymous_1)
FN:11,(anonymous_2)
FNF:3
FNH:1
FNDA:4,SearchQuestion
FNDA:0,(anonymous_1)
FNDA:0,(anonymous_2)
DA:5,4
DA:7,4
DA:9,0
DA:11,0
LF:4
LH:2
BRF:0
BRH:0
end_of_record
TN:
SF:src/components/rating-reviews/controllers/getRatings.jsx
FN:6,(anonymous_0)
FN:7,(anonymous_1)
FN:9,(anonymous_2)
FN:18,(anonymous_3)
FN:20,(anonymous_4)
FN:29,(anonymous_5)
FN:66,getRatings
FN:68,(anonymous_7)
FN:73,(anonymous_8)
FN:85,(anonymous_9)
FNF:10
FNH:6
FNDA:1,(anonymous_0)
FNDA:1,(anonymous_1)
FNDA:2,(anonymous_2)
FNDA:1,(anonymous_3)
FNDA:2,(anonymous_4)
FNDA:1,(anonymous_5)
FNDA:0,getRatings
FNDA:0,(anonymous_7)
FNDA:0,(anonymous_8)
FNDA:0,(anonymous_9)
DA:6,1
DA:7,1
DA:8,1
DA:9,1
DA:10,2
DA:11,2
DA:18,1
DA:19,1
DA:20,1
DA:21,2
DA:22,2
DA:29,1
DA:31,1
DA:32,0
DA:35,1
DA:36,1
DA:54,1
DA:67,0
DA:69,0
DA:71,0
DA:72,0
DA:73,0
DA:74,0
DA:75,0
DA:77,0
DA:79,0
DA:80,0
DA:81,0
DA:82,0
DA:83,0
DA:84,0
DA:86,0
DA:87,0
DA:88,0
DA:89,0
DA:94,0
DA:95,0
LF:37
LH:16
BRDA:31,0,0,0
BRDA:31,0,1,1
BRDA:56,1,0,1
BRDA:56,1,1,0
BRDA:90,2,0,0
BRDA:90,2,1,0
BRF:6
BRH:2
end_of_record
TN:
SF:src/components/rating-reviews/models/reviewsModels.js
FN:3,(anonymous_0)
FN:5,(anonymous_1)
FN:9,(anonymous_2)
FN:13,(anonymous_3)
FN:17,(anonymous_4)
FNF:5
FNH:0
FNDA:0,(anonymous_0)
FNDA:0,(anonymous_1)
FNDA:0,(anonymous_2)
FNDA:0,(anonymous_3)
FNDA:0,(anonymous_4)
DA:3,1
DA:5,1
DA:6,0
DA:9,1
DA:10,0
DA:13,1
DA:14,0
DA:17,1
DA:18,0
LF:9
LH:5
BRF:0
BRH:0
end_of_record
TN:
SF:src/components/related-products/RelatedCard.jsx
FN:5,RelatedCard
FN:17,(anonymous_1)
FN:22,(anonymous_2)
FN:35,(anonymous_3)
FNF:4
FNH:1
FNDA:1,RelatedCard
FNDA:0,(anonymous_1)
FNDA:0,(anonymous_2)
FNDA:0,(anonymous_3)
DA:10,1
DA:18,0
DA:19,0
DA:22,0
DA:36,0
DA:37,0
LF:6
LH:1
BRDA:18,0,0,0
BRDA:18,0,1,0
BRDA:28,1,0,0
BRDA:28,1,1,1
BRDA:33,2,0,0
BRDA:33,2,1,1
BRF:6
BRH:2
end_of_record
