TN:
SF:src/components/overview/HeroModal.jsx
FN:5,HeroModal
FN:8,(anonymous_1)
FNF:2
FNH:1
FNDA:1,HeroModal
FNDA:0,(anonymous_1)
DA:6,1
DA:8,1
DA:9,0
DA:12,1
DA:13,0
DA:15,1
DA:18,1
LF:7
LH:5
BRDA:12,0,0,0
BRDA:12,0,1,1
BRDA:24,1,0,1
BRDA:24,1,1,0
BRDA:31,2,0,0
BRDA:31,2,1,0
BRF:6
BRH:2
end_of_record
TN:
SF:src/components/overview/ImageGallery.jsx
FN:7,ImageGallery
FN:12,(anonymous_1)
FN:13,(anonymous_2)
FN:41,(anonymous_3)
FN:53,(anonymous_4)
FNF:5
FNH:1
FNDA:1,ImageGallery
FNDA:0,(anonymous_1)
FNDA:0,(anonymous_2)
FNDA:0,(anonymous_3)
FNDA:0,(anonymous_4)
DA:9,1
DA:12,1
DA:13,0
DA:14,0
DA:16,0
DA:18,0
DA:19,0
DA:20,0
DA:21,0
DA:22,0
DA:24,0
DA:27,0
DA:31,1
DA:41,0
DA:53,0
LF:15
LH:3
BRDA:14,0,0,0
BRDA:14,0,1,0
BRDA:18,1,0,0
BRDA:18,1,1,0
BRDA:21,2,0,0
BRDA:21,2,1,0
BRDA:44,3,0,1
BRDA:44,3,1,0
BRF:8
BRH:1
end_of_record
TN:
SF:src/components/overview/ProdInfo.jsx
FN:6,ProdInfo
FN:10,(anonymous_1)
FN:11,(anonymous_2)
FN:22,(anonymous_3)
FN:35,(anonymous_4)
FNF:5
FNH:4
FNDA:2,ProdInfo
FNDA:2,(anonymous_1)
FNDA:2,(anonymous_2)
FNDA:2,(anonymous_3)
FNDA:0,(anonymous_4)
DA:7,2
DA:8,2
DA:10,2
DA:11,2
DA:12,2
DA:13,2
DA:14,2
DA:15,2
DA:16,2
DA:18,0
DA:22,2
DA:23,2
DA:24,2
DA:25,2
DA:27,0
DA:31,2
DA:32,2
DA:35,2
DA:36,0
DA:41,2
LF:20
LH:17
BRDA:43,0,0,2
BRDA:43,0,1,0
BRDA:47,1,0,0
BRDA:47,1,1,0
BRDA:54,2,0,0
BRDA:54,2,1,0
BRDA:54,3,0,0
BRDA:54,3,1,0
BRF:8
BRH:1
end_of_record
TN:
SF:src/components/overview/VerticalCarousel.jsx
FN:5,(anonymous_0)
FN:13,(anonymous_1)
FN:23,(anonymous_2)
FN:26,(anonymous_3)
FN:30,(anonymous_4)
FN:41,(anonymous_5)
FNF:6
FNH:2
FNDA:1,(anonymous_0)
FNDA:0,(anonymous_1)
FNDA:0,(anonymous_2)
FNDA:2,(anonymous_3)
FNDA:0,(anonymous_4)
FNDA:0,(anonymous_5)
DA:5,1
DA:9,1
DA:10,1
DA:11,1
DA:13,1
DA:14,0
DA:15,0
DA:16,0
DA:19,1
DA:23,0
DA:27,2
DA:31,0
DA:32,0
DA:41,0
LF:14
LH:7
BRF:0
BRH:0
end_of_record
TN:
SF:src/components/question-answers/SearchQuestion.jsx
FN:4,SearchQuestion
FN:9,(anonymous_1)
FN:11,(anonymous_2)
FNF:3
FNH:1
FNDA:2,SearchQuestion
FNDA:0,(anonymous_1)
FNDA:0,(anonymous_2)
DA:5,2
DA:7,2
DA:9,0
DA:11,0
LF:4
LH:2
BRF:0
BRH:0
end_of_record
TN:
SF:src/components/rating-reviews/controllers/getRatings.jsx
FN:6,(anonymous_0)
FN:7,(anonymous_1)
FN:9,(anonymous_2)
FN:18,(anonymous_3)
FN:20,(anonymous_4)
FN:29,(anonymous_5)
FN:66,getRatings
FN:68,(anonymous_7)
FN:73,(anonymous_8)
FN:85,(anonymous_9)
FNF:10
FNH:6
FNDA:1,(anonymous_0)
FNDA:1,(anonymous_1)
FNDA:2,(anonymous_2)
FNDA:1,(anonymous_3)
FNDA:2,(anonymous_4)
FNDA:1,(anonymous_5)
FNDA:0,getRatings
FNDA:0,(anonymous_7)
FNDA:0,(anonymous_8)
FNDA:0,(anonymous_9)
DA:6,1
DA:7,1
DA:8,1
DA:9,1
DA:10,2
DA:11,2
DA:18,1
DA:19,1
DA:20,1
DA:21,2
DA:22,2
DA:29,1
DA:31,1
DA:32,0
DA:35,1
DA:36,1
DA:54,1
DA:67,0
DA:69,0
DA:71,0
DA:72,0
DA:73,0
DA:74,0
DA:75,0
DA:77,0
DA:79,0
DA:80,0
DA:81,0
DA:82,0
DA:83,0
DA:84,0
DA:86,0
DA:87,0
DA:88,0
DA:89,0
DA:94,0
DA:95,0
LF:37
LH:16
BRDA:31,0,0,0
BRDA:31,0,1,1
BRDA:56,1,0,1
BRDA:56,1,1,0
BRDA:90,2,0,0
BRDA:90,2,1,0
BRF:6
BRH:2
end_of_record
TN:
SF:src/components/rating-reviews/models/reviewsModels.js
FN:3,(anonymous_0)
FN:5,(anonymous_1)
FN:9,(anonymous_2)
FN:13,(anonymous_3)
FN:17,(anonymous_4)
FNF:5
FNH:0
FNDA:0,(anonymous_0)
FNDA:0,(anonymous_1)
FNDA:0,(anonymous_2)
FNDA:0,(anonymous_3)
FNDA:0,(anonymous_4)
DA:3,1
DA:5,1
DA:6,0
DA:9,1
DA:10,0
DA:13,1
DA:14,0
DA:17,1
DA:18,0
LF:9
LH:5
BRF:0
BRH:0
end_of_record
TN:
SF:src/components/related-products/RelatedCard.jsx
FN:5,RelatedCard
FNF:1
FNH:1
FNDA:1,RelatedCard
DA:8,1
LF:1
LH:1
BRDA:14,0,0,0
BRDA:14,0,1,1
BRF:2
BRH:1
end_of_record
